2019-06-08 14:01:02.878  INFO 10224 --- [main] c.techm.guestbook.GuestbookApplication   : Starting GuestbookApplication on INBASDLP03019 with PID 10224 (D:\backup-guestbook\guestbook-bt\target\classes started by GV00339350 in D:\backup-guestbook\guestbook-bt)
2019-06-08 14:01:02.895  INFO 10224 --- [main] c.techm.guestbook.GuestbookApplication   : No active profile set, falling back to default profiles: default
2019-06-08 14:01:02.983  INFO 10224 --- [main] ConfigServletWebServerApplicationContext : Refreshing org.springframework.boot.web.servlet.context.AnnotationConfigServletWebServerApplicationContext@69930714: startup date [Sat Jun 08 14:01:02 IST 2019]; root of context hierarchy
2019-06-08 14:01:05.251  INFO 10224 --- [main] trationDelegate$BeanPostProcessorChecker : Bean 'org.springframework.transaction.annotation.ProxyTransactionManagementConfiguration' of type [org.springframework.transaction.annotation.ProxyTransactionManagementConfiguration$$EnhancerBySpringCGLIB$$84774c02] is not eligible for getting processed by all BeanPostProcessors (for example: not eligible for auto-proxying)
2019-06-08 14:01:06.124  INFO 10224 --- [main] o.s.b.w.embedded.tomcat.TomcatWebServer  : Tomcat initialized with port(s): 8080 (http)
2019-06-08 14:01:06.163  INFO 10224 --- [main] o.apache.catalina.core.StandardService   : Starting service [Tomcat]
2019-06-08 14:01:06.164  INFO 10224 --- [main] org.apache.catalina.core.StandardEngine  : Starting Servlet Engine: Apache Tomcat/8.5.34
2019-06-08 14:01:06.184  INFO 10224 --- [localhost-startStop-1] o.a.catalina.core.AprLifecycleListener   : The APR based Apache Tomcat Native library which allows optimal performance in production environments was not found on the java.library.path: [C:\Program Files\Java\jdk1.8.0_181\bin;C:\WINDOWS\Sun\Java\bin;C:\WINDOWS\system32;C:\WINDOWS;C:\Program Files (x86)\Common Files\Oracle\Java\javapath;C:\ProgramData\Oracle\Java\javapath;C:\WINDOWS\system32;C:\WINDOWS;C:\WINDOWS\System32\Wbem;C:\WINDOWS\System32\WindowsPowerShell\v1.0\;C:\Program Files\apache-maven-3.5.4\bin;C:\Program Files\Apache Software Foundation\Tomcat 8.0\bin;C:\Program Files\PuTTY\;C:\Program Files\Java\jdk1.8.0_181\bin;C:\Program Files\Java\jre1.8.0_181\bin;D:\Tools\zookeeper-3.4.10\bin;C:\Program Files\MySQL\MySQL Utilities 1.6\;C:\Program Files\TortoiseSVN\bin;C:\Program Files (x86)\Webex\Webex\Applications;C:\Program Files\nodejs\;D:\git\cmd;C:\Program Files\Amazon\AWSCLI\bin\;C:\Users\gv00339350\AppData\Local\Microsoft\WindowsApps;C:\Users\gv00339350\AppData\Local\Programs\Microsoft VS Code\bin;C:\Users\gv00339350\AppData\Roaming\npm;C:\Users\gv00339350\AppData\Local\atom\bin;.]
2019-06-08 14:01:06.592  INFO 10224 --- [localhost-startStop-1] o.a.c.c.C.[Tomcat].[localhost].[/]       : Initializing Spring embedded WebApplicationContext
2019-06-08 14:01:06.593  INFO 10224 --- [localhost-startStop-1] o.s.web.context.ContextLoader            : Root WebApplicationContext: initialization completed in 3610 ms
2019-06-08 14:01:06.891  INFO 10224 --- [localhost-startStop-1] o.s.b.w.servlet.ServletRegistrationBean  : Servlet dispatcherServlet mapped to [/]
2019-06-08 14:01:06.895  INFO 10224 --- [localhost-startStop-1] o.s.b.w.servlet.ServletRegistrationBean  : Servlet webServlet mapped to [/h2/*]
2019-06-08 14:01:06.901  INFO 10224 --- [localhost-startStop-1] o.s.b.w.servlet.FilterRegistrationBean   : Mapping filter: 'characterEncodingFilter' to: [/*]
2019-06-08 14:01:06.904  INFO 10224 --- [localhost-startStop-1] o.s.b.w.servlet.FilterRegistrationBean   : Mapping filter: 'hiddenHttpMethodFilter' to: [/*]
2019-06-08 14:01:06.908  INFO 10224 --- [localhost-startStop-1] o.s.b.w.servlet.FilterRegistrationBean   : Mapping filter: 'httpPutFormContentFilter' to: [/*]
2019-06-08 14:01:06.909  INFO 10224 --- [localhost-startStop-1] o.s.b.w.servlet.FilterRegistrationBean   : Mapping filter: 'requestContextFilter' to: [/*]
2019-06-08 14:01:07.544  INFO 10224 --- [main] com.zaxxer.hikari.HikariDataSource       : HikariPool-1 - Starting...
2019-06-08 14:01:07.753  INFO 10224 --- [main] com.zaxxer.hikari.HikariDataSource       : HikariPool-1 - Start completed.
2019-06-08 14:01:07.845  INFO 10224 --- [main] j.LocalContainerEntityManagerFactoryBean : Building JPA container EntityManagerFactory for persistence unit 'default'
2019-06-08 14:01:07.883  INFO 10224 --- [main] o.hibernate.jpa.internal.util.LogHelper  : HHH000204: Processing PersistenceUnitInfo [
	name: default
	...]
2019-06-08 14:01:08.033  INFO 10224 --- [main] org.hibernate.Version                    : HHH000412: Hibernate Core {5.2.17.Final}
2019-06-08 14:01:08.036  INFO 10224 --- [main] org.hibernate.cfg.Environment            : HHH000206: hibernate.properties not found
2019-06-08 14:01:08.126  INFO 10224 --- [main] o.hibernate.annotations.common.Version   : HCANN000001: Hibernate Commons Annotations {5.0.1.Final}
2019-06-08 14:01:08.374  INFO 10224 --- [main] org.hibernate.dialect.Dialect            : HHH000400: Using dialect: org.hibernate.dialect.H2Dialect
2019-06-08 14:01:09.144  INFO 10224 --- [main] o.h.t.schema.internal.SchemaCreatorImpl  : HHH000476: Executing import script 'org.hibernate.tool.schema.internal.exec.ScriptSourceInputNonExistentImpl@1d06f16f'
2019-06-08 14:01:09.147  INFO 10224 --- [main] j.LocalContainerEntityManagerFactoryBean : Initialized JPA EntityManagerFactory for persistence unit 'default'
2019-06-08 14:01:09.269  INFO 10224 --- [main] o.s.jdbc.datasource.init.ScriptUtils     : Executing SQL script from URL [file:/D:/backup-guestbook/guestbook-bt/target/classes/data-h2.sql]
2019-06-08 14:01:09.278  INFO 10224 --- [main] o.s.jdbc.datasource.init.ScriptUtils     : Executed SQL script from URL [file:/D:/backup-guestbook/guestbook-bt/target/classes/data-h2.sql] in 7 ms.
2019-06-08 14:01:09.853  INFO 10224 --- [main] o.s.w.s.handler.SimpleUrlHandlerMapping  : Mapped URL path [/**/favicon.ico] onto handler of type [class org.springframework.web.servlet.resource.ResourceHttpRequestHandler]
2019-06-08 14:01:10.220  INFO 10224 --- [main] s.w.s.m.m.a.RequestMappingHandlerAdapter : Looking for @ControllerAdvice: org.springframework.boot.web.servlet.context.AnnotationConfigServletWebServerApplicationContext@69930714: startup date [Sat Jun 08 14:01:02 IST 2019]; root of context hierarchy
2019-06-08 14:01:10.292  WARN 10224 --- [main] aWebConfiguration$JpaWebMvcConfiguration : spring.jpa.open-in-view is enabled by default. Therefore, database queries may be performed during view rendering. Explicitly configure spring.jpa.open-in-view to disable this warning
2019-06-08 14:01:10.351  INFO 10224 --- [main] s.w.s.m.m.a.RequestMappingHandlerMapping : Mapped "{[/login],methods=[GET]}" onto public java.lang.String com.techm.guestbook.controller.GuestBookLoginController.init(org.springframework.ui.Model)
2019-06-08 14:01:10.354  INFO 10224 --- [main] s.w.s.m.m.a.RequestMappingHandlerMapping : Mapped "{[],methods=[POST]}" onto public java.lang.String com.techm.guestbook.controller.GuestBookLoginController.submit(org.springframework.ui.Model,com.techm.guestbook.domain.LoginBean)
2019-06-08 14:01:10.367  INFO 10224 --- [main] s.w.s.m.m.a.RequestMappingHandlerMapping : Mapped "{[/api/comment/{id}],methods=[GET]}" onto public com.techm.guestbook.domain.GuestBookEntry com.techm.guestbook.controller.GuestBookRestController.findGuestBookEntryById(java.lang.Integer)
2019-06-08 14:01:10.368  INFO 10224 --- [main] s.w.s.m.m.a.RequestMappingHandlerMapping : Mapped "{[/api/comment/{id}],methods=[DELETE]}" onto public void com.techm.guestbook.controller.GuestBookRestController.deleteGuestBookEntryById(java.lang.Integer)
2019-06-08 14:01:10.370  INFO 10224 --- [main] s.w.s.m.m.a.RequestMappingHandlerMapping : Mapped "{[/api/user/{user}],methods=[GET]}" onto public java.util.List<com.techm.guestbook.domain.GuestBookEntry> com.techm.guestbook.controller.GuestBookRestController.findGuestBookEntriesByUser(java.lang.String)
2019-06-08 14:01:10.371  INFO 10224 --- [main] s.w.s.m.m.a.RequestMappingHandlerMapping : Mapped "{[/api/add],methods=[POST]}" onto public void com.techm.guestbook.controller.GuestBookRestController.addComment(com.techm.guestbook.domain.GuestBookEntry)
2019-06-08 14:01:10.373  INFO 10224 --- [main] s.w.s.m.m.a.RequestMappingHandlerMapping : Mapped "{[/api/comments],methods=[GET]}" onto public java.util.List<com.techm.guestbook.domain.GuestBookEntry> com.techm.guestbook.controller.GuestBookRestController.testMapping()
2019-06-08 14:01:10.375  INFO 10224 --- [main] s.w.s.m.m.a.RequestMappingHandlerMapping : Mapped "{[/api/update],methods=[POST]}" onto public void com.techm.guestbook.controller.GuestBookRestController.updateComment(com.techm.guestbook.domain.GuestBookEntry)
2019-06-08 14:01:10.379  INFO 10224 --- [main] s.w.s.m.m.a.RequestMappingHandlerMapping : Mapped "{[/update/{id}],methods=[POST]}" onto public java.lang.String com.techm.guestbook.controller.GuestBookWebController.saveComment(org.springframework.ui.Model,java.lang.Integer,com.techm.guestbook.domain.GuestBookEntry,org.springframework.validation.BindingResult)
2019-06-08 14:01:10.380  INFO 10224 --- [main] s.w.s.m.m.a.RequestMappingHandlerMapping : Mapped "{[/delete/{id}],methods=[GET]}" onto public java.lang.String com.techm.guestbook.controller.GuestBookWebController.deleteComment(java.lang.Integer)
2019-06-08 14:01:10.382  INFO 10224 --- [main] s.w.s.m.m.a.RequestMappingHandlerMapping : Mapped "{[/update/{id}],methods=[GET]}" onto public java.lang.String com.techm.guestbook.controller.GuestBookWebController.editComment(org.springframework.ui.Model,java.lang.Integer)
2019-06-08 14:01:10.383  INFO 10224 --- [main] s.w.s.m.m.a.RequestMappingHandlerMapping : Mapped "{[/],methods=[POST]}" onto public java.lang.String com.techm.guestbook.controller.GuestBookWebController.addComment(org.springframework.ui.Model,com.techm.guestbook.domain.GuestBookEntry,org.springframework.validation.BindingResult)
2019-06-08 14:01:10.383  INFO 10224 --- [main] s.w.s.m.m.a.RequestMappingHandlerMapping : Mapped "{[/],methods=[GET]}" onto public java.lang.String com.techm.guestbook.controller.GuestBookWebController.displayGuestBook(org.springframework.ui.Model)
2019-06-08 14:01:10.388  INFO 10224 --- [main] s.w.s.m.m.a.RequestMappingHandlerMapping : Mapped "{[/error]}" onto public org.springframework.http.ResponseEntity<java.util.Map<java.lang.String, java.lang.Object>> org.springframework.boot.autoconfigure.web.servlet.error.BasicErrorController.error(javax.servlet.http.HttpServletRequest)
2019-06-08 14:01:10.389  INFO 10224 --- [main] s.w.s.m.m.a.RequestMappingHandlerMapping : Mapped "{[/error],produces=[text/html]}" onto public org.springframework.web.servlet.ModelAndView org.springframework.boot.autoconfigure.web.servlet.error.BasicErrorController.errorHtml(javax.servlet.http.HttpServletRequest,javax.servlet.http.HttpServletResponse)
2019-06-08 14:01:10.441  INFO 10224 --- [main] o.s.w.s.handler.SimpleUrlHandlerMapping  : Mapped URL path [/webjars/**] onto handler of type [class org.springframework.web.servlet.resource.ResourceHttpRequestHandler]
2019-06-08 14:01:10.442  INFO 10224 --- [main] o.s.w.s.handler.SimpleUrlHandlerMapping  : Mapped URL path [/**] onto handler of type [class org.springframework.web.servlet.resource.ResourceHttpRequestHandler]
2019-06-08 14:01:10.968  INFO 10224 --- [main] o.s.j.e.a.AnnotationMBeanExporter        : Registering beans for JMX exposure on startup
2019-06-08 14:01:10.971  INFO 10224 --- [main] o.s.j.e.a.AnnotationMBeanExporter        : Bean with name 'dataSource' has been autodetected for JMX exposure
2019-06-08 14:01:10.981  INFO 10224 --- [main] o.s.j.e.a.AnnotationMBeanExporter        : Located MBean 'dataSource': registering with JMX server as MBean [com.zaxxer.hikari:name=dataSource,type=HikariDataSource]
2019-06-08 14:01:11.057  INFO 10224 --- [main] o.s.b.w.embedded.tomcat.TomcatWebServer  : Tomcat started on port(s): 8080 (http) with context path ''
2019-06-08 14:01:11.063  INFO 10224 --- [main] c.techm.guestbook.GuestbookApplication   : Started GuestbookApplication in 8.832 seconds (JVM running for 9.529)
2019-06-08 14:01:32.202  INFO 10224 --- [http-nio-8080-exec-1] o.a.c.c.C.[Tomcat].[localhost].[/]       : Initializing Spring FrameworkServlet 'dispatcherServlet'
2019-06-08 14:01:32.202  INFO 10224 --- [http-nio-8080-exec-1] o.s.web.servlet.DispatcherServlet        : FrameworkServlet 'dispatcherServlet': initialization started
2019-06-08 14:01:32.394  INFO 10224 --- [http-nio-8080-exec-1] o.s.web.servlet.DispatcherServlet        : FrameworkServlet 'dispatcherServlet': initialization completed in 191 ms
2019-06-08 14:01:32.668  INFO 10224 --- [http-nio-8080-exec-1] o.h.h.i.QueryTranslatorFactoryInitiator  : HHH000397: Using ASTQueryTranslatorFactory
2019-06-08 14:01:34.563  WARN 10224 --- [http-nio-8080-exec-2] .w.s.m.s.DefaultHandlerExceptionResolver : Resolved [org.springframework.web.HttpRequestMethodNotSupportedException: Request method 'GET' not supported]
2019-06-08 14:01:34.593  WARN 10224 --- [http-nio-8080-exec-3] .w.s.m.s.DefaultHandlerExceptionResolver : Resolved [org.springframework.web.HttpRequestMethodNotSupportedException: Request method 'GET' not supported]
2019-06-08 14:01:53.466  WARN 10224 --- [http-nio-8080-exec-7] .w.s.m.s.DefaultHandlerExceptionResolver : Resolved [org.springframework.web.HttpRequestMethodNotSupportedException: Request method 'GET' not supported]
2019-06-08 14:01:53.467  WARN 10224 --- [http-nio-8080-exec-6] .w.s.m.s.DefaultHandlerExceptionResolver : Resolved [org.springframework.web.HttpRequestMethodNotSupportedException: Request method 'GET' not supported]
2019-06-08 14:01:55.526  WARN 10224 --- [http-nio-8080-exec-10] .w.s.m.s.DefaultHandlerExceptionResolver : Resolved [org.springframework.web.HttpRequestMethodNotSupportedException: Request method 'GET' not supported]
2019-06-08 14:01:55.533  WARN 10224 --- [http-nio-8080-exec-1] .w.s.m.s.DefaultHandlerExceptionResolver : Resolved [org.springframework.web.HttpRequestMethodNotSupportedException: Request method 'GET' not supported]
2019-06-08 14:02:02.217  WARN 10224 --- [http-nio-8080-exec-4] .w.s.m.s.DefaultHandlerExceptionResolver : Resolved [org.springframework.web.HttpRequestMethodNotSupportedException: Request method 'GET' not supported]
2019-06-08 14:02:02.237  WARN 10224 --- [http-nio-8080-exec-5] .w.s.m.s.DefaultHandlerExceptionResolver : Resolved [org.springframework.web.HttpRequestMethodNotSupportedException: Request method 'GET' not supported]
2019-06-08 14:06:32.284  INFO 14208 --- [main] c.t.guestbook.GuestbookApplicationTests  : Starting GuestbookApplicationTests on INBASDLP03019 with PID 14208 (started by GV00339350 in D:\backup-guestbook\guestbook-bt)
2019-06-08 14:06:32.333  INFO 14208 --- [main] c.t.guestbook.GuestbookApplicationTests  : No active profile set, falling back to default profiles: default
2019-06-08 14:06:32.423  INFO 14208 --- [main] o.s.w.c.s.GenericWebApplicationContext   : Refreshing org.springframework.web.context.support.GenericWebApplicationContext@312aa7c: startup date [Sat Jun 08 14:06:32 IST 2019]; root of context hierarchy
2019-06-08 14:06:35.130  INFO 14208 --- [main] trationDelegate$BeanPostProcessorChecker : Bean 'org.springframework.transaction.annotation.ProxyTransactionManagementConfiguration' of type [org.springframework.transaction.annotation.ProxyTransactionManagementConfiguration$$EnhancerBySpringCGLIB$$6eab30b4] is not eligible for getting processed by all BeanPostProcessors (for example: not eligible for auto-proxying)
2019-06-08 14:06:35.575  INFO 14208 --- [main] com.zaxxer.hikari.HikariDataSource       : HikariPool-1 - Starting...
2019-06-08 14:06:35.869  INFO 14208 --- [main] com.zaxxer.hikari.HikariDataSource       : HikariPool-1 - Start completed.
2019-06-08 14:06:36.121  INFO 14208 --- [main] j.LocalContainerEntityManagerFactoryBean : Building JPA container EntityManagerFactory for persistence unit 'default'
2019-06-08 14:06:36.161  INFO 14208 --- [main] o.hibernate.jpa.internal.util.LogHelper  : HHH000204: Processing PersistenceUnitInfo [
	name: default
	...]
2019-06-08 14:06:36.305  INFO 14208 --- [main] org.hibernate.Version                    : HHH000412: Hibernate Core {5.2.17.Final}
2019-06-08 14:06:36.308  INFO 14208 --- [main] org.hibernate.cfg.Environment            : HHH000206: hibernate.properties not found
2019-06-08 14:06:36.410  INFO 14208 --- [main] o.hibernate.annotations.common.Version   : HCANN000001: Hibernate Commons Annotations {5.0.1.Final}
2019-06-08 14:06:36.682  INFO 14208 --- [main] org.hibernate.dialect.Dialect            : HHH000400: Using dialect: org.hibernate.dialect.H2Dialect
2019-06-08 14:06:38.207  INFO 14208 --- [main] o.h.t.schema.internal.SchemaCreatorImpl  : HHH000476: Executing import script 'org.hibernate.tool.schema.internal.exec.ScriptSourceInputNonExistentImpl@5df63359'
2019-06-08 14:06:38.212  INFO 14208 --- [main] j.LocalContainerEntityManagerFactoryBean : Initialized JPA EntityManagerFactory for persistence unit 'default'
2019-06-08 14:06:38.293  INFO 14208 --- [main] o.s.jdbc.datasource.init.ScriptUtils     : Executing SQL script from URL [file:/D:/backup-guestbook/guestbook-bt/target/classes/data-h2.sql]
2019-06-08 14:06:38.299  INFO 14208 --- [main] o.s.jdbc.datasource.init.ScriptUtils     : Executed SQL script from URL [file:/D:/backup-guestbook/guestbook-bt/target/classes/data-h2.sql] in 5 ms.
2019-06-08 14:06:39.559  INFO 14208 --- [main] o.s.w.s.handler.SimpleUrlHandlerMapping  : Mapped URL path [/**/favicon.ico] onto handler of type [class org.springframework.web.servlet.resource.ResourceHttpRequestHandler]
2019-06-08 14:06:40.183  INFO 14208 --- [main] s.w.s.m.m.a.RequestMappingHandlerAdapter : Looking for @ControllerAdvice: org.springframework.web.context.support.GenericWebApplicationContext@312aa7c: startup date [Sat Jun 08 14:06:32 IST 2019]; root of context hierarchy
2019-06-08 14:06:40.280  WARN 14208 --- [main] aWebConfiguration$JpaWebMvcConfiguration : spring.jpa.open-in-view is enabled by default. Therefore, database queries may be performed during view rendering. Explicitly configure spring.jpa.open-in-view to disable this warning
2019-06-08 14:06:40.387  INFO 14208 --- [main] s.w.s.m.m.a.RequestMappingHandlerMapping : Mapped "{[/api/add],methods=[POST]}" onto public void com.techm.guestbook.controller.GuestBookRestController.addComment(com.techm.guestbook.domain.GuestBookEntry)
2019-06-08 14:06:40.390  INFO 14208 --- [main] s.w.s.m.m.a.RequestMappingHandlerMapping : Mapped "{[/api/comments],methods=[GET]}" onto public java.util.List<com.techm.guestbook.domain.GuestBookEntry> com.techm.guestbook.controller.GuestBookRestController.testMapping()
2019-06-08 14:06:40.392  INFO 14208 --- [main] s.w.s.m.m.a.RequestMappingHandlerMapping : Mapped "{[/api/update],methods=[POST]}" onto public void com.techm.guestbook.controller.GuestBookRestController.updateComment(com.techm.guestbook.domain.GuestBookEntry)
2019-06-08 14:06:40.394  INFO 14208 --- [main] s.w.s.m.m.a.RequestMappingHandlerMapping : Mapped "{[/api/comment/{id}],methods=[GET]}" onto public com.techm.guestbook.domain.GuestBookEntry com.techm.guestbook.controller.GuestBookRestController.findGuestBookEntryById(java.lang.Integer)
2019-06-08 14:06:40.395  INFO 14208 --- [main] s.w.s.m.m.a.RequestMappingHandlerMapping : Mapped "{[/api/comment/{id}],methods=[DELETE]}" onto public void com.techm.guestbook.controller.GuestBookRestController.deleteGuestBookEntryById(java.lang.Integer)
2019-06-08 14:06:40.399  INFO 14208 --- [main] s.w.s.m.m.a.RequestMappingHandlerMapping : Mapped "{[/api/user/{user}],methods=[GET]}" onto public java.util.List<com.techm.guestbook.domain.GuestBookEntry> com.techm.guestbook.controller.GuestBookRestController.findGuestBookEntriesByUser(java.lang.String)
2019-06-08 14:06:40.405  INFO 14208 --- [main] s.w.s.m.m.a.RequestMappingHandlerMapping : Mapped "{[/delete/{id}],methods=[GET]}" onto public java.lang.String com.techm.guestbook.controller.GuestBookWebController.deleteComment(java.lang.Integer)
2019-06-08 14:06:40.406  INFO 14208 --- [main] s.w.s.m.m.a.RequestMappingHandlerMapping : Mapped "{[/],methods=[POST]}" onto public java.lang.String com.techm.guestbook.controller.GuestBookWebController.addComment(org.springframework.ui.Model,com.techm.guestbook.domain.GuestBookEntry,org.springframework.validation.BindingResult)
2019-06-08 14:06:40.407  INFO 14208 --- [main] s.w.s.m.m.a.RequestMappingHandlerMapping : Mapped "{[/],methods=[GET]}" onto public java.lang.String com.techm.guestbook.controller.GuestBookWebController.displayGuestBook(org.springframework.ui.Model)
2019-06-08 14:06:40.408  INFO 14208 --- [main] s.w.s.m.m.a.RequestMappingHandlerMapping : Mapped "{[/update/{id}],methods=[POST]}" onto public java.lang.String com.techm.guestbook.controller.GuestBookWebController.saveComment(org.springframework.ui.Model,java.lang.Integer,com.techm.guestbook.domain.GuestBookEntry,org.springframework.validation.BindingResult)
2019-06-08 14:06:40.413  INFO 14208 --- [main] s.w.s.m.m.a.RequestMappingHandlerMapping : Mapped "{[/update/{id}],methods=[GET]}" onto public java.lang.String com.techm.guestbook.controller.GuestBookWebController.editComment(org.springframework.ui.Model,java.lang.Integer)
2019-06-08 14:06:40.421  INFO 14208 --- [main] s.w.s.m.m.a.RequestMappingHandlerMapping : Mapped "{[/error]}" onto public org.springframework.http.ResponseEntity<java.util.Map<java.lang.String, java.lang.Object>> org.springframework.boot.autoconfigure.web.servlet.error.BasicErrorController.error(javax.servlet.http.HttpServletRequest)
2019-06-08 14:06:40.423  INFO 14208 --- [main] s.w.s.m.m.a.RequestMappingHandlerMapping : Mapped "{[/error],produces=[text/html]}" onto public org.springframework.web.servlet.ModelAndView org.springframework.boot.autoconfigure.web.servlet.error.BasicErrorController.errorHtml(javax.servlet.http.HttpServletRequest,javax.servlet.http.HttpServletResponse)
2019-06-08 14:06:40.512  INFO 14208 --- [main] o.s.w.s.handler.SimpleUrlHandlerMapping  : Mapped URL path [/webjars/**] onto handler of type [class org.springframework.web.servlet.resource.ResourceHttpRequestHandler]
2019-06-08 14:06:40.512  INFO 14208 --- [main] o.s.w.s.handler.SimpleUrlHandlerMapping  : Mapped URL path [/**] onto handler of type [class org.springframework.web.servlet.resource.ResourceHttpRequestHandler]
2019-06-08 14:06:41.202  INFO 14208 --- [main] c.t.guestbook.GuestbookApplicationTests  : Started GuestbookApplicationTests in 9.514 seconds (JVM running for 11.656)
2019-06-08 14:06:41.521  INFO 14208 --- [Thread-3] o.s.w.c.s.GenericWebApplicationContext   : Closing org.springframework.web.context.support.GenericWebApplicationContext@312aa7c: startup date [Sat Jun 08 14:06:32 IST 2019]; root of context hierarchy
2019-06-08 14:06:41.535  INFO 14208 --- [Thread-3] j.LocalContainerEntityManagerFactoryBean : Closing JPA EntityManagerFactory for persistence unit 'default'
2019-06-08 14:06:41.536  INFO 14208 --- [Thread-3] .SchemaDropperImpl$DelayedDropActionImpl : HHH000477: Starting delayed drop of schema as part of SessionFactory shut-down'
2019-06-08 14:06:41.551  INFO 14208 --- [Thread-3] com.zaxxer.hikari.HikariDataSource       : HikariPool-1 - Shutdown initiated...
2019-06-08 14:06:41.556  INFO 14208 --- [Thread-3] com.zaxxer.hikari.HikariDataSource       : HikariPool-1 - Shutdown completed.
2019-06-08 14:07:13.104  INFO 12080 --- [main] c.techm.guestbook.GuestbookApplication   : Starting GuestbookApplication on INBASDLP03019 with PID 12080 (D:\backup-guestbook\guestbook-bt\target\classes started by GV00339350 in D:\backup-guestbook\guestbook-bt)
2019-06-08 14:07:13.109  INFO 12080 --- [main] c.techm.guestbook.GuestbookApplication   : No active profile set, falling back to default profiles: default
2019-06-08 14:07:13.225  INFO 12080 --- [main] ConfigServletWebServerApplicationContext : Refreshing org.springframework.boot.web.servlet.context.AnnotationConfigServletWebServerApplicationContext@add0edd: startup date [Sat Jun 08 14:07:13 IST 2019]; root of context hierarchy
2019-06-08 14:07:15.538  INFO 12080 --- [main] trationDelegate$BeanPostProcessorChecker : Bean 'org.springframework.transaction.annotation.ProxyTransactionManagementConfiguration' of type [org.springframework.transaction.annotation.ProxyTransactionManagementConfiguration$$EnhancerBySpringCGLIB$$bfcf34b8] is not eligible for getting processed by all BeanPostProcessors (for example: not eligible for auto-proxying)
2019-06-08 14:07:16.618  INFO 12080 --- [main] o.s.b.w.embedded.tomcat.TomcatWebServer  : Tomcat initialized with port(s): 8080 (http)
2019-06-08 14:07:16.679  INFO 12080 --- [main] o.apache.catalina.core.StandardService   : Starting service [Tomcat]
2019-06-08 14:07:16.681  INFO 12080 --- [main] org.apache.catalina.core.StandardEngine  : Starting Servlet Engine: Apache Tomcat/8.5.34
2019-06-08 14:07:16.713  INFO 12080 --- [localhost-startStop-1] o.a.catalina.core.AprLifecycleListener   : The APR based Apache Tomcat Native library which allows optimal performance in production environments was not found on the java.library.path: [C:\Program Files\Java\jdk1.8.0_181\bin;C:\WINDOWS\Sun\Java\bin;C:\WINDOWS\system32;C:\WINDOWS;C:\Program Files (x86)\Common Files\Oracle\Java\javapath;C:\ProgramData\Oracle\Java\javapath;C:\WINDOWS\system32;C:\WINDOWS;C:\WINDOWS\System32\Wbem;C:\WINDOWS\System32\WindowsPowerShell\v1.0\;C:\Program Files\apache-maven-3.5.4\bin;C:\Program Files\Apache Software Foundation\Tomcat 8.0\bin;C:\Program Files\PuTTY\;C:\Program Files\Java\jdk1.8.0_181\bin;C:\Program Files\Java\jre1.8.0_181\bin;D:\Tools\zookeeper-3.4.10\bin;C:\Program Files\MySQL\MySQL Utilities 1.6\;C:\Program Files\TortoiseSVN\bin;C:\Program Files (x86)\Webex\Webex\Applications;C:\Program Files\nodejs\;D:\git\cmd;C:\Program Files\Amazon\AWSCLI\bin\;C:\Users\gv00339350\AppData\Local\Microsoft\WindowsApps;C:\Users\gv00339350\AppData\Local\Programs\Microsoft VS Code\bin;C:\Users\gv00339350\AppData\Roaming\npm;C:\Users\gv00339350\AppData\Local\atom\bin;.]
2019-06-08 14:07:17.131  INFO 12080 --- [localhost-startStop-1] o.a.c.c.C.[Tomcat].[localhost].[/]       : Initializing Spring embedded WebApplicationContext
2019-06-08 14:07:17.132  INFO 12080 --- [localhost-startStop-1] o.s.web.context.ContextLoader            : Root WebApplicationContext: initialization completed in 3907 ms
2019-06-08 14:07:17.410  INFO 12080 --- [localhost-startStop-1] o.s.b.w.servlet.ServletRegistrationBean  : Servlet dispatcherServlet mapped to [/]
2019-06-08 14:07:17.413  INFO 12080 --- [localhost-startStop-1] o.s.b.w.servlet.ServletRegistrationBean  : Servlet webServlet mapped to [/h2/*]
2019-06-08 14:07:17.421  INFO 12080 --- [localhost-startStop-1] o.s.b.w.servlet.FilterRegistrationBean   : Mapping filter: 'characterEncodingFilter' to: [/*]
2019-06-08 14:07:17.422  INFO 12080 --- [localhost-startStop-1] o.s.b.w.servlet.FilterRegistrationBean   : Mapping filter: 'hiddenHttpMethodFilter' to: [/*]
2019-06-08 14:07:17.437  INFO 12080 --- [localhost-startStop-1] o.s.b.w.servlet.FilterRegistrationBean   : Mapping filter: 'httpPutFormContentFilter' to: [/*]
2019-06-08 14:07:17.437  INFO 12080 --- [localhost-startStop-1] o.s.b.w.servlet.FilterRegistrationBean   : Mapping filter: 'requestContextFilter' to: [/*]
2019-06-08 14:07:18.043  INFO 12080 --- [main] com.zaxxer.hikari.HikariDataSource       : HikariPool-1 - Starting...
2019-06-08 14:07:18.440  INFO 12080 --- [main] com.zaxxer.hikari.HikariDataSource       : HikariPool-1 - Start completed.
2019-06-08 14:07:18.589  INFO 12080 --- [main] j.LocalContainerEntityManagerFactoryBean : Building JPA container EntityManagerFactory for persistence unit 'default'
2019-06-08 14:07:18.669  INFO 12080 --- [main] o.hibernate.jpa.internal.util.LogHelper  : HHH000204: Processing PersistenceUnitInfo [
	name: default
	...]
2019-06-08 14:07:18.846  INFO 12080 --- [main] org.hibernate.Version                    : HHH000412: Hibernate Core {5.2.17.Final}
2019-06-08 14:07:18.848  INFO 12080 --- [main] org.hibernate.cfg.Environment            : HHH000206: hibernate.properties not found
2019-06-08 14:07:18.952  INFO 12080 --- [main] o.hibernate.annotations.common.Version   : HCANN000001: Hibernate Commons Annotations {5.0.1.Final}
2019-06-08 14:07:19.288  INFO 12080 --- [main] org.hibernate.dialect.Dialect            : HHH000400: Using dialect: org.hibernate.dialect.H2Dialect
2019-06-08 14:07:20.168  INFO 12080 --- [main] o.h.t.schema.internal.SchemaCreatorImpl  : HHH000476: Executing import script 'org.hibernate.tool.schema.internal.exec.ScriptSourceInputNonExistentImpl@3af58f76'
2019-06-08 14:07:20.174  INFO 12080 --- [main] j.LocalContainerEntityManagerFactoryBean : Initialized JPA EntityManagerFactory for persistence unit 'default'
2019-06-08 14:07:20.325  INFO 12080 --- [main] o.s.jdbc.datasource.init.ScriptUtils     : Executing SQL script from URL [file:/D:/backup-guestbook/guestbook-bt/target/classes/data-h2.sql]
2019-06-08 14:07:20.334  INFO 12080 --- [main] o.s.jdbc.datasource.init.ScriptUtils     : Executed SQL script from URL [file:/D:/backup-guestbook/guestbook-bt/target/classes/data-h2.sql] in 8 ms.
2019-06-08 14:07:20.950  INFO 12080 --- [main] o.s.w.s.handler.SimpleUrlHandlerMapping  : Mapped URL path [/**/favicon.ico] onto handler of type [class org.springframework.web.servlet.resource.ResourceHttpRequestHandler]
2019-06-08 14:07:21.413  INFO 12080 --- [main] s.w.s.m.m.a.RequestMappingHandlerAdapter : Looking for @ControllerAdvice: org.springframework.boot.web.servlet.context.AnnotationConfigServletWebServerApplicationContext@add0edd: startup date [Sat Jun 08 14:07:13 IST 2019]; root of context hierarchy
2019-06-08 14:07:21.492  WARN 12080 --- [main] aWebConfiguration$JpaWebMvcConfiguration : spring.jpa.open-in-view is enabled by default. Therefore, database queries may be performed during view rendering. Explicitly configure spring.jpa.open-in-view to disable this warning
2019-06-08 14:07:21.573  INFO 12080 --- [main] s.w.s.m.m.a.RequestMappingHandlerMapping : Mapped "{[/api/user/{user}],methods=[GET]}" onto public java.util.List<com.techm.guestbook.domain.GuestBookEntry> com.techm.guestbook.controller.GuestBookRestController.findGuestBookEntriesByUser(java.lang.String)
2019-06-08 14:07:21.575  INFO 12080 --- [main] s.w.s.m.m.a.RequestMappingHandlerMapping : Mapped "{[/api/comment/{id}],methods=[GET]}" onto public com.techm.guestbook.domain.GuestBookEntry com.techm.guestbook.controller.GuestBookRestController.findGuestBookEntryById(java.lang.Integer)
2019-06-08 14:07:21.576  INFO 12080 --- [main] s.w.s.m.m.a.RequestMappingHandlerMapping : Mapped "{[/api/comment/{id}],methods=[DELETE]}" onto public void com.techm.guestbook.controller.GuestBookRestController.deleteGuestBookEntryById(java.lang.Integer)
2019-06-08 14:07:21.577  INFO 12080 --- [main] s.w.s.m.m.a.RequestMappingHandlerMapping : Mapped "{[/api/add],methods=[POST]}" onto public void com.techm.guestbook.controller.GuestBookRestController.addComment(com.techm.guestbook.domain.GuestBookEntry)
2019-06-08 14:07:21.579  INFO 12080 --- [main] s.w.s.m.m.a.RequestMappingHandlerMapping : Mapped "{[/api/update],methods=[POST]}" onto public void com.techm.guestbook.controller.GuestBookRestController.updateComment(com.techm.guestbook.domain.GuestBookEntry)
2019-06-08 14:07:21.580  INFO 12080 --- [main] s.w.s.m.m.a.RequestMappingHandlerMapping : Mapped "{[/api/comments],methods=[GET]}" onto public java.util.List<com.techm.guestbook.domain.GuestBookEntry> com.techm.guestbook.controller.GuestBookRestController.testMapping()
2019-06-08 14:07:21.586  INFO 12080 --- [main] s.w.s.m.m.a.RequestMappingHandlerMapping : Mapped "{[/],methods=[POST]}" onto public java.lang.String com.techm.guestbook.controller.GuestBookWebController.addComment(org.springframework.ui.Model,com.techm.guestbook.domain.GuestBookEntry,org.springframework.validation.BindingResult)
2019-06-08 14:07:21.591  INFO 12080 --- [main] s.w.s.m.m.a.RequestMappingHandlerMapping : Mapped "{[/update/{id}],methods=[GET]}" onto public java.lang.String com.techm.guestbook.controller.GuestBookWebController.editComment(org.springframework.ui.Model,java.lang.Integer)
2019-06-08 14:07:21.592  INFO 12080 --- [main] s.w.s.m.m.a.RequestMappingHandlerMapping : Mapped "{[/delete/{id}],methods=[GET]}" onto public java.lang.String com.techm.guestbook.controller.GuestBookWebController.deleteComment(java.lang.Integer)
2019-06-08 14:07:21.594  INFO 12080 --- [main] s.w.s.m.m.a.RequestMappingHandlerMapping : Mapped "{[/],methods=[GET]}" onto public java.lang.String com.techm.guestbook.controller.GuestBookWebController.displayGuestBook(org.springframework.ui.Model)
2019-06-08 14:07:21.595  INFO 12080 --- [main] s.w.s.m.m.a.RequestMappingHandlerMapping : Mapped "{[/update/{id}],methods=[POST]}" onto public java.lang.String com.techm.guestbook.controller.GuestBookWebController.saveComment(org.springframework.ui.Model,java.lang.Integer,com.techm.guestbook.domain.GuestBookEntry,org.springframework.validation.BindingResult)
2019-06-08 14:07:21.600  INFO 12080 --- [main] s.w.s.m.m.a.RequestMappingHandlerMapping : Mapped "{[/error]}" onto public org.springframework.http.ResponseEntity<java.util.Map<java.lang.String, java.lang.Object>> org.springframework.boot.autoconfigure.web.servlet.error.BasicErrorController.error(javax.servlet.http.HttpServletRequest)
2019-06-08 14:07:21.602  INFO 12080 --- [main] s.w.s.m.m.a.RequestMappingHandlerMapping : Mapped "{[/error],produces=[text/html]}" onto public org.springframework.web.servlet.ModelAndView org.springframework.boot.autoconfigure.web.servlet.error.BasicErrorController.errorHtml(javax.servlet.http.HttpServletRequest,javax.servlet.http.HttpServletResponse)
2019-06-08 14:07:21.669  INFO 12080 --- [main] o.s.w.s.handler.SimpleUrlHandlerMapping  : Mapped URL path [/webjars/**] onto handler of type [class org.springframework.web.servlet.resource.ResourceHttpRequestHandler]
2019-06-08 14:07:21.670  INFO 12080 --- [main] o.s.w.s.handler.SimpleUrlHandlerMapping  : Mapped URL path [/**] onto handler of type [class org.springframework.web.servlet.resource.ResourceHttpRequestHandler]
2019-06-08 14:07:22.462  INFO 12080 --- [main] o.s.j.e.a.AnnotationMBeanExporter        : Registering beans for JMX exposure on startup
2019-06-08 14:07:22.465  INFO 12080 --- [main] o.s.j.e.a.AnnotationMBeanExporter        : Bean with name 'dataSource' has been autodetected for JMX exposure
2019-06-08 14:07:22.475  INFO 12080 --- [main] o.s.j.e.a.AnnotationMBeanExporter        : Located MBean 'dataSource': registering with JMX server as MBean [com.zaxxer.hikari:name=dataSource,type=HikariDataSource]
2019-06-08 14:07:22.554  INFO 12080 --- [main] o.s.b.w.embedded.tomcat.TomcatWebServer  : Tomcat started on port(s): 8080 (http) with context path ''
2019-06-08 14:07:22.560  INFO 12080 --- [main] c.techm.guestbook.GuestbookApplication   : Started GuestbookApplication in 10.168 seconds (JVM running for 11.089)
2019-06-08 14:08:15.732  INFO 12080 --- [http-nio-8080-exec-10] o.a.c.c.C.[Tomcat].[localhost].[/]       : Initializing Spring FrameworkServlet 'dispatcherServlet'
2019-06-08 14:08:15.732  INFO 12080 --- [http-nio-8080-exec-10] o.s.web.servlet.DispatcherServlet        : FrameworkServlet 'dispatcherServlet': initialization started
2019-06-08 14:08:15.827  INFO 12080 --- [http-nio-8080-exec-10] o.s.web.servlet.DispatcherServlet        : FrameworkServlet 'dispatcherServlet': initialization completed in 95 ms
2019-06-08 14:08:16.125  INFO 12080 --- [http-nio-8080-exec-10] o.h.h.i.QueryTranslatorFactoryInitiator  : HHH000397: Using ASTQueryTranslatorFactory
2019-06-08 14:10:38.334  INFO 12036 --- [main] c.techm.guestbook.GuestbookApplication   : Starting GuestbookApplication on INBASDLP03019 with PID 12036 (D:\backup-guestbook\guestbook-bt\target\classes started by GV00339350 in D:\backup-guestbook\guestbook-bt)
2019-06-08 14:10:38.340  INFO 12036 --- [main] c.techm.guestbook.GuestbookApplication   : No active profile set, falling back to default profiles: default
2019-06-08 14:10:38.469  INFO 12036 --- [main] ConfigServletWebServerApplicationContext : Refreshing org.springframework.boot.web.servlet.context.AnnotationConfigServletWebServerApplicationContext@69930714: startup date [Sat Jun 08 14:10:38 IST 2019]; root of context hierarchy
2019-06-08 14:10:41.608  INFO 12036 --- [main] trationDelegate$BeanPostProcessorChecker : Bean 'org.springframework.transaction.annotation.ProxyTransactionManagementConfiguration' of type [org.springframework.transaction.annotation.ProxyTransactionManagementConfiguration$$EnhancerBySpringCGLIB$$591d0c4c] is not eligible for getting processed by all BeanPostProcessors (for example: not eligible for auto-proxying)
2019-06-08 14:10:42.552  INFO 12036 --- [main] o.s.b.w.embedded.tomcat.TomcatWebServer  : Tomcat initialized with port(s): 8080 (http)
2019-06-08 14:10:42.591  INFO 12036 --- [main] o.apache.catalina.core.StandardService   : Starting service [Tomcat]
2019-06-08 14:10:42.591  INFO 12036 --- [main] org.apache.catalina.core.StandardEngine  : Starting Servlet Engine: Apache Tomcat/8.5.34
2019-06-08 14:10:42.605  INFO 12036 --- [localhost-startStop-1] o.a.catalina.core.AprLifecycleListener   : The APR based Apache Tomcat Native library which allows optimal performance in production environments was not found on the java.library.path: [C:\Program Files\Java\jdk1.8.0_181\bin;C:\WINDOWS\Sun\Java\bin;C:\WINDOWS\system32;C:\WINDOWS;C:\Program Files (x86)\Common Files\Oracle\Java\javapath;C:\ProgramData\Oracle\Java\javapath;C:\WINDOWS\system32;C:\WINDOWS;C:\WINDOWS\System32\Wbem;C:\WINDOWS\System32\WindowsPowerShell\v1.0\;C:\Program Files\apache-maven-3.5.4\bin;C:\Program Files\Apache Software Foundation\Tomcat 8.0\bin;C:\Program Files\PuTTY\;C:\Program Files\Java\jdk1.8.0_181\bin;C:\Program Files\Java\jre1.8.0_181\bin;D:\Tools\zookeeper-3.4.10\bin;C:\Program Files\MySQL\MySQL Utilities 1.6\;C:\Program Files\TortoiseSVN\bin;C:\Program Files (x86)\Webex\Webex\Applications;C:\Program Files\nodejs\;D:\git\cmd;C:\Program Files\Amazon\AWSCLI\bin\;C:\Users\gv00339350\AppData\Local\Microsoft\WindowsApps;C:\Users\gv00339350\AppData\Local\Programs\Microsoft VS Code\bin;C:\Users\gv00339350\AppData\Roaming\npm;C:\Users\gv00339350\AppData\Local\atom\bin;.]
2019-06-08 14:10:42.860  INFO 12036 --- [localhost-startStop-1] o.a.c.c.C.[Tomcat].[localhost].[/]       : Initializing Spring embedded WebApplicationContext
2019-06-08 14:10:42.860  INFO 12036 --- [localhost-startStop-1] o.s.web.context.ContextLoader            : Root WebApplicationContext: initialization completed in 4391 ms
2019-06-08 14:10:43.057  INFO 12036 --- [localhost-startStop-1] o.s.b.w.servlet.ServletRegistrationBean  : Servlet dispatcherServlet mapped to [/]
2019-06-08 14:10:43.060  INFO 12036 --- [localhost-startStop-1] o.s.b.w.servlet.ServletRegistrationBean  : Servlet webServlet mapped to [/h2/*]
2019-06-08 14:10:43.073  INFO 12036 --- [localhost-startStop-1] o.s.b.w.servlet.FilterRegistrationBean   : Mapping filter: 'characterEncodingFilter' to: [/*]
2019-06-08 14:10:43.078  INFO 12036 --- [localhost-startStop-1] o.s.b.w.servlet.FilterRegistrationBean   : Mapping filter: 'hiddenHttpMethodFilter' to: [/*]
2019-06-08 14:10:43.079  INFO 12036 --- [localhost-startStop-1] o.s.b.w.servlet.FilterRegistrationBean   : Mapping filter: 'httpPutFormContentFilter' to: [/*]
2019-06-08 14:10:43.081  INFO 12036 --- [localhost-startStop-1] o.s.b.w.servlet.FilterRegistrationBean   : Mapping filter: 'requestContextFilter' to: [/*]
2019-06-08 14:10:43.469  INFO 12036 --- [main] com.zaxxer.hikari.HikariDataSource       : HikariPool-1 - Starting...
2019-06-08 14:10:43.752  INFO 12036 --- [main] com.zaxxer.hikari.HikariDataSource       : HikariPool-1 - Start completed.
2019-06-08 14:10:43.836  INFO 12036 --- [main] j.LocalContainerEntityManagerFactoryBean : Building JPA container EntityManagerFactory for persistence unit 'default'
2019-06-08 14:10:43.866  INFO 12036 --- [main] o.hibernate.jpa.internal.util.LogHelper  : HHH000204: Processing PersistenceUnitInfo [
	name: default
	...]
2019-06-08 14:10:44.020  INFO 12036 --- [main] org.hibernate.Version                    : HHH000412: Hibernate Core {5.2.17.Final}
2019-06-08 14:10:44.023  INFO 12036 --- [main] org.hibernate.cfg.Environment            : HHH000206: hibernate.properties not found
2019-06-08 14:10:44.081  INFO 12036 --- [main] o.hibernate.annotations.common.Version   : HCANN000001: Hibernate Commons Annotations {5.0.1.Final}
2019-06-08 14:10:44.283  INFO 12036 --- [main] org.hibernate.dialect.Dialect            : HHH000400: Using dialect: org.hibernate.dialect.H2Dialect
2019-06-08 14:10:45.119  INFO 12036 --- [main] o.h.t.schema.internal.SchemaCreatorImpl  : HHH000476: Executing import script 'org.hibernate.tool.schema.internal.exec.ScriptSourceInputNonExistentImpl@7235f92b'
2019-06-08 14:10:45.124  INFO 12036 --- [main] j.LocalContainerEntityManagerFactoryBean : Initialized JPA EntityManagerFactory for persistence unit 'default'
2019-06-08 14:10:45.276  INFO 12036 --- [main] o.s.jdbc.datasource.init.ScriptUtils     : Executing SQL script from URL [file:/D:/backup-guestbook/guestbook-bt/target/classes/data-h2.sql]
2019-06-08 14:10:45.283  INFO 12036 --- [main] o.s.jdbc.datasource.init.ScriptUtils     : Executed SQL script from URL [file:/D:/backup-guestbook/guestbook-bt/target/classes/data-h2.sql] in 6 ms.
2019-06-08 14:10:46.176  INFO 12036 --- [main] o.s.w.s.handler.SimpleUrlHandlerMapping  : Mapped URL path [/**/favicon.ico] onto handler of type [class org.springframework.web.servlet.resource.ResourceHttpRequestHandler]
2019-06-08 14:10:46.732  INFO 12036 --- [main] s.w.s.m.m.a.RequestMappingHandlerAdapter : Looking for @ControllerAdvice: org.springframework.boot.web.servlet.context.AnnotationConfigServletWebServerApplicationContext@69930714: startup date [Sat Jun 08 14:10:38 IST 2019]; root of context hierarchy
2019-06-08 14:10:46.823  WARN 12036 --- [main] aWebConfiguration$JpaWebMvcConfiguration : spring.jpa.open-in-view is enabled by default. Therefore, database queries may be performed during view rendering. Explicitly configure spring.jpa.open-in-view to disable this warning
2019-06-08 14:10:46.908  INFO 12036 --- [main] s.w.s.m.m.a.RequestMappingHandlerMapping : Mapped "{[/api/comment/{id}],methods=[GET]}" onto public com.techm.guestbook.domain.GuestBookEntry com.techm.guestbook.controller.GuestBookRestController.findGuestBookEntryById(java.lang.Integer)
2019-06-08 14:10:46.911  INFO 12036 --- [main] s.w.s.m.m.a.RequestMappingHandlerMapping : Mapped "{[/api/user/{user}],methods=[GET]}" onto public java.util.List<com.techm.guestbook.domain.GuestBookEntry> com.techm.guestbook.controller.GuestBookRestController.findGuestBookEntriesByUser(java.lang.String)
2019-06-08 14:10:46.913  INFO 12036 --- [main] s.w.s.m.m.a.RequestMappingHandlerMapping : Mapped "{[/api/comment/{id}],methods=[DELETE]}" onto public void com.techm.guestbook.controller.GuestBookRestController.deleteGuestBookEntryById(java.lang.Integer)
2019-06-08 14:10:46.915  INFO 12036 --- [main] s.w.s.m.m.a.RequestMappingHandlerMapping : Mapped "{[/api/update],methods=[POST]}" onto public void com.techm.guestbook.controller.GuestBookRestController.updateComment(com.techm.guestbook.domain.GuestBookEntry)
2019-06-08 14:10:46.916  INFO 12036 --- [main] s.w.s.m.m.a.RequestMappingHandlerMapping : Mapped "{[/api/add],methods=[POST]}" onto public void com.techm.guestbook.controller.GuestBookRestController.addComment(com.techm.guestbook.domain.GuestBookEntry)
2019-06-08 14:10:46.927  INFO 12036 --- [main] s.w.s.m.m.a.RequestMappingHandlerMapping : Mapped "{[/api/comments],methods=[GET]}" onto public java.util.List<com.techm.guestbook.domain.GuestBookEntry> com.techm.guestbook.controller.GuestBookRestController.testMapping()
2019-06-08 14:10:46.952  INFO 12036 --- [main] s.w.s.m.m.a.RequestMappingHandlerMapping : Mapped "{[/update/{id}],methods=[POST]}" onto public java.lang.String com.techm.guestbook.controller.GuestBookWebController.saveComment(org.springframework.ui.Model,java.lang.Integer,com.techm.guestbook.domain.GuestBookEntry,org.springframework.validation.BindingResult)
2019-06-08 14:10:46.953  INFO 12036 --- [main] s.w.s.m.m.a.RequestMappingHandlerMapping : Mapped "{[/update/{id}],methods=[GET]}" onto public java.lang.String com.techm.guestbook.controller.GuestBookWebController.editComment(org.springframework.ui.Model,java.lang.Integer)
2019-06-08 14:10:46.956  INFO 12036 --- [main] s.w.s.m.m.a.RequestMappingHandlerMapping : Mapped "{[/],methods=[POST]}" onto public java.lang.String com.techm.guestbook.controller.GuestBookWebController.addComment(org.springframework.ui.Model,com.techm.guestbook.domain.GuestBookEntry,org.springframework.validation.BindingResult)
2019-06-08 14:10:46.958  INFO 12036 --- [main] s.w.s.m.m.a.RequestMappingHandlerMapping : Mapped "{[/],methods=[GET]}" onto public java.lang.String com.techm.guestbook.controller.GuestBookWebController.displayGuestBook(org.springframework.ui.Model)
2019-06-08 14:10:46.959  INFO 12036 --- [main] s.w.s.m.m.a.RequestMappingHandlerMapping : Mapped "{[/delete/{id}],methods=[GET]}" onto public java.lang.String com.techm.guestbook.controller.GuestBookWebController.deleteComment(java.lang.Integer)
2019-06-08 14:10:46.963  INFO 12036 --- [main] s.w.s.m.m.a.RequestMappingHandlerMapping : Mapped "{[/error]}" onto public org.springframework.http.ResponseEntity<java.util.Map<java.lang.String, java.lang.Object>> org.springframework.boot.autoconfigure.web.servlet.error.BasicErrorController.error(javax.servlet.http.HttpServletRequest)
2019-06-08 14:10:46.965  INFO 12036 --- [main] s.w.s.m.m.a.RequestMappingHandlerMapping : Mapped "{[/error],produces=[text/html]}" onto public org.springframework.web.servlet.ModelAndView org.springframework.boot.autoconfigure.web.servlet.error.BasicErrorController.errorHtml(javax.servlet.http.HttpServletRequest,javax.servlet.http.HttpServletResponse)
2019-06-08 14:10:47.027  INFO 12036 --- [main] o.s.w.s.handler.SimpleUrlHandlerMapping  : Mapped URL path [/webjars/**] onto handler of type [class org.springframework.web.servlet.resource.ResourceHttpRequestHandler]
2019-06-08 14:10:47.028  INFO 12036 --- [main] o.s.w.s.handler.SimpleUrlHandlerMapping  : Mapped URL path [/**] onto handler of type [class org.springframework.web.servlet.resource.ResourceHttpRequestHandler]
2019-06-08 14:10:47.614  INFO 12036 --- [main] o.s.j.e.a.AnnotationMBeanExporter        : Registering beans for JMX exposure on startup
2019-06-08 14:10:47.617  INFO 12036 --- [main] o.s.j.e.a.AnnotationMBeanExporter        : Bean with name 'dataSource' has been autodetected for JMX exposure
2019-06-08 14:10:47.627  INFO 12036 --- [main] o.s.j.e.a.AnnotationMBeanExporter        : Located MBean 'dataSource': registering with JMX server as MBean [com.zaxxer.hikari:name=dataSource,type=HikariDataSource]
2019-06-08 14:10:47.694  INFO 12036 --- [main] o.s.b.w.embedded.tomcat.TomcatWebServer  : Tomcat started on port(s): 8080 (http) with context path ''
2019-06-08 14:10:47.700  INFO 12036 --- [main] c.techm.guestbook.GuestbookApplication   : Started GuestbookApplication in 10.034 seconds (JVM running for 10.731)
2019-06-08 14:11:05.847  INFO 12036 --- [http-nio-8080-exec-1] o.a.c.c.C.[Tomcat].[localhost].[/]       : Initializing Spring FrameworkServlet 'dispatcherServlet'
2019-06-08 14:11:05.848  INFO 12036 --- [http-nio-8080-exec-1] o.s.web.servlet.DispatcherServlet        : FrameworkServlet 'dispatcherServlet': initialization started
2019-06-08 14:11:05.923  INFO 12036 --- [http-nio-8080-exec-1] o.s.web.servlet.DispatcherServlet        : FrameworkServlet 'dispatcherServlet': initialization completed in 74 ms
2019-06-08 14:11:06.141  INFO 12036 --- [http-nio-8080-exec-1] o.h.h.i.QueryTranslatorFactoryInitiator  : HHH000397: Using ASTQueryTranslatorFactory
2019-06-08 14:13:48.420  INFO 11896 --- [main] c.techm.guestbook.GuestbookApplication   : Starting GuestbookApplication on INBASDLP03019 with PID 11896 (D:\backup-guestbook\guestbook-bt\target\classes started by GV00339350 in D:\backup-guestbook\guestbook-bt)
2019-06-08 14:13:48.426  INFO 11896 --- [main] c.techm.guestbook.GuestbookApplication   : No active profile set, falling back to default profiles: default
2019-06-08 14:13:48.508  INFO 11896 --- [main] ConfigServletWebServerApplicationContext : Refreshing org.springframework.boot.web.servlet.context.AnnotationConfigServletWebServerApplicationContext@10db82ae: startup date [Sat Jun 08 14:13:48 IST 2019]; root of context hierarchy
2019-06-08 14:13:50.519  INFO 11896 --- [main] trationDelegate$BeanPostProcessorChecker : Bean 'org.springframework.transaction.annotation.ProxyTransactionManagementConfiguration' of type [org.springframework.transaction.annotation.ProxyTransactionManagementConfiguration$$EnhancerBySpringCGLIB$$1a07fb81] is not eligible for getting processed by all BeanPostProcessors (for example: not eligible for auto-proxying)
2019-06-08 14:13:51.609  INFO 11896 --- [main] o.s.b.w.embedded.tomcat.TomcatWebServer  : Tomcat initialized with port(s): 8080 (http)
2019-06-08 14:13:51.663  INFO 11896 --- [main] o.apache.catalina.core.StandardService   : Starting service [Tomcat]
2019-06-08 14:13:51.664  INFO 11896 --- [main] org.apache.catalina.core.StandardEngine  : Starting Servlet Engine: Apache Tomcat/8.5.34
2019-06-08 14:13:51.689  INFO 11896 --- [localhost-startStop-1] o.a.catalina.core.AprLifecycleListener   : The APR based Apache Tomcat Native library which allows optimal performance in production environments was not found on the java.library.path: [C:\Program Files\Java\jdk1.8.0_181\bin;C:\WINDOWS\Sun\Java\bin;C:\WINDOWS\system32;C:\WINDOWS;C:\Program Files (x86)\Common Files\Oracle\Java\javapath;C:\ProgramData\Oracle\Java\javapath;C:\WINDOWS\system32;C:\WINDOWS;C:\WINDOWS\System32\Wbem;C:\WINDOWS\System32\WindowsPowerShell\v1.0\;C:\Program Files\apache-maven-3.5.4\bin;C:\Program Files\Apache Software Foundation\Tomcat 8.0\bin;C:\Program Files\PuTTY\;C:\Program Files\Java\jdk1.8.0_181\bin;C:\Program Files\Java\jre1.8.0_181\bin;D:\Tools\zookeeper-3.4.10\bin;C:\Program Files\MySQL\MySQL Utilities 1.6\;C:\Program Files\TortoiseSVN\bin;C:\Program Files (x86)\Webex\Webex\Applications;C:\Program Files\nodejs\;D:\git\cmd;C:\Program Files\Amazon\AWSCLI\bin\;C:\Users\gv00339350\AppData\Local\Microsoft\WindowsApps;C:\Users\gv00339350\AppData\Local\Programs\Microsoft VS Code\bin;C:\Users\gv00339350\AppData\Roaming\npm;C:\Users\gv00339350\AppData\Local\atom\bin;.]
2019-06-08 14:13:51.993  INFO 11896 --- [localhost-startStop-1] o.a.c.c.C.[Tomcat].[localhost].[/]       : Initializing Spring embedded WebApplicationContext
2019-06-08 14:13:51.994  INFO 11896 --- [localhost-startStop-1] o.s.web.context.ContextLoader            : Root WebApplicationContext: initialization completed in 3486 ms
2019-06-08 14:13:52.237  INFO 11896 --- [localhost-startStop-1] o.s.b.w.servlet.ServletRegistrationBean  : Servlet dispatcherServlet mapped to [/]
2019-06-08 14:13:52.243  INFO 11896 --- [localhost-startStop-1] o.s.b.w.servlet.ServletRegistrationBean  : Servlet webServlet mapped to [/h2/*]
2019-06-08 14:13:52.249  INFO 11896 --- [localhost-startStop-1] o.s.b.w.servlet.FilterRegistrationBean   : Mapping filter: 'characterEncodingFilter' to: [/*]
2019-06-08 14:13:52.252  INFO 11896 --- [localhost-startStop-1] o.s.b.w.servlet.FilterRegistrationBean   : Mapping filter: 'hiddenHttpMethodFilter' to: [/*]
2019-06-08 14:13:52.254  INFO 11896 --- [localhost-startStop-1] o.s.b.w.servlet.FilterRegistrationBean   : Mapping filter: 'httpPutFormContentFilter' to: [/*]
2019-06-08 14:13:52.255  INFO 11896 --- [localhost-startStop-1] o.s.b.w.servlet.FilterRegistrationBean   : Mapping filter: 'requestContextFilter' to: [/*]
2019-06-08 14:13:52.780  INFO 11896 --- [main] com.zaxxer.hikari.HikariDataSource       : HikariPool-1 - Starting...
2019-06-08 14:13:53.034  INFO 11896 --- [main] com.zaxxer.hikari.HikariDataSource       : HikariPool-1 - Start completed.
2019-06-08 14:13:53.129  INFO 11896 --- [main] j.LocalContainerEntityManagerFactoryBean : Building JPA container EntityManagerFactory for persistence unit 'default'
2019-06-08 14:13:53.161  INFO 11896 --- [main] o.hibernate.jpa.internal.util.LogHelper  : HHH000204: Processing PersistenceUnitInfo [
	name: default
	...]
2019-06-08 14:13:53.303  INFO 11896 --- [main] org.hibernate.Version                    : HHH000412: Hibernate Core {5.2.17.Final}
2019-06-08 14:13:53.306  INFO 11896 --- [main] org.hibernate.cfg.Environment            : HHH000206: hibernate.properties not found
2019-06-08 14:13:53.386  INFO 11896 --- [main] o.hibernate.annotations.common.Version   : HCANN000001: Hibernate Commons Annotations {5.0.1.Final}
2019-06-08 14:13:53.646  INFO 11896 --- [main] org.hibernate.dialect.Dialect            : HHH000400: Using dialect: org.hibernate.dialect.H2Dialect
2019-06-08 14:13:54.384  INFO 11896 --- [main] o.h.t.schema.internal.SchemaCreatorImpl  : HHH000476: Executing import script 'org.hibernate.tool.schema.internal.exec.ScriptSourceInputNonExistentImpl@16736040'
2019-06-08 14:13:54.388  INFO 11896 --- [main] j.LocalContainerEntityManagerFactoryBean : Initialized JPA EntityManagerFactory for persistence unit 'default'
2019-06-08 14:13:54.480  INFO 11896 --- [main] o.s.jdbc.datasource.init.ScriptUtils     : Executing SQL script from URL [file:/D:/backup-guestbook/guestbook-bt/target/classes/data-h2.sql]
2019-06-08 14:13:54.485  INFO 11896 --- [main] o.s.jdbc.datasource.init.ScriptUtils     : Executed SQL script from URL [file:/D:/backup-guestbook/guestbook-bt/target/classes/data-h2.sql] in 5 ms.
2019-06-08 14:13:55.126  INFO 11896 --- [main] o.s.w.s.handler.SimpleUrlHandlerMapping  : Mapped URL path [/**/favicon.ico] onto handler of type [class org.springframework.web.servlet.resource.ResourceHttpRequestHandler]
2019-06-08 14:13:55.459  INFO 11896 --- [main] s.w.s.m.m.a.RequestMappingHandlerAdapter : Looking for @ControllerAdvice: org.springframework.boot.web.servlet.context.AnnotationConfigServletWebServerApplicationContext@10db82ae: startup date [Sat Jun 08 14:13:48 IST 2019]; root of context hierarchy
2019-06-08 14:13:55.536  WARN 11896 --- [main] aWebConfiguration$JpaWebMvcConfiguration : spring.jpa.open-in-view is enabled by default. Therefore, database queries may be performed during view rendering. Explicitly configure spring.jpa.open-in-view to disable this warning
2019-06-08 14:13:55.607  INFO 11896 --- [main] s.w.s.m.m.a.RequestMappingHandlerMapping : Mapped "{[/api/update],methods=[POST]}" onto public void com.techm.guestbook.controller.GuestBookRestController.updateComment(com.techm.guestbook.domain.GuestBookEntry)
2019-06-08 14:13:55.609  INFO 11896 --- [main] s.w.s.m.m.a.RequestMappingHandlerMapping : Mapped "{[/api/add],methods=[POST]}" onto public void com.techm.guestbook.controller.GuestBookRestController.addComment(com.techm.guestbook.domain.GuestBookEntry)
2019-06-08 14:13:55.611  INFO 11896 --- [main] s.w.s.m.m.a.RequestMappingHandlerMapping : Mapped "{[/api/comments],methods=[GET]}" onto public java.util.List<com.techm.guestbook.domain.GuestBookEntry> com.techm.guestbook.controller.GuestBookRestController.testMapping()
2019-06-08 14:13:55.612  INFO 11896 --- [main] s.w.s.m.m.a.RequestMappingHandlerMapping : Mapped "{[/api/user/{user}],methods=[GET]}" onto public java.util.List<com.techm.guestbook.domain.GuestBookEntry> com.techm.guestbook.controller.GuestBookRestController.findGuestBookEntriesByUser(java.lang.String)
2019-06-08 14:13:55.612  INFO 11896 --- [main] s.w.s.m.m.a.RequestMappingHandlerMapping : Mapped "{[/api/comment/{id}],methods=[GET]}" onto public com.techm.guestbook.domain.GuestBookEntry com.techm.guestbook.controller.GuestBookRestController.findGuestBookEntryById(java.lang.Integer)
2019-06-08 14:13:55.614  INFO 11896 --- [main] s.w.s.m.m.a.RequestMappingHandlerMapping : Mapped "{[/api/comment/{id}],methods=[DELETE]}" onto public void com.techm.guestbook.controller.GuestBookRestController.deleteGuestBookEntryById(java.lang.Integer)
2019-06-08 14:13:55.618  INFO 11896 --- [main] s.w.s.m.m.a.RequestMappingHandlerMapping : Mapped "{[/],methods=[GET]}" onto public java.lang.String com.techm.guestbook.controller.GuestBookWebController.displayGuestBook(org.springframework.ui.Model)
2019-06-08 14:13:55.619  INFO 11896 --- [main] s.w.s.m.m.a.RequestMappingHandlerMapping : Mapped "{[/update/{id}],methods=[GET]}" onto public java.lang.String com.techm.guestbook.controller.GuestBookWebController.editComment(org.springframework.ui.Model,java.lang.Integer)
2019-06-08 14:13:55.620  INFO 11896 --- [main] s.w.s.m.m.a.RequestMappingHandlerMapping : Mapped "{[/delete/{id}],methods=[GET]}" onto public java.lang.String com.techm.guestbook.controller.GuestBookWebController.deleteComment(java.lang.Integer)
2019-06-08 14:13:55.622  INFO 11896 --- [main] s.w.s.m.m.a.RequestMappingHandlerMapping : Mapped "{[/update/{id}],methods=[POST]}" onto public java.lang.String com.techm.guestbook.controller.GuestBookWebController.saveComment(org.springframework.ui.Model,java.lang.Integer,com.techm.guestbook.domain.GuestBookEntry,org.springframework.validation.BindingResult)
2019-06-08 14:13:55.623  INFO 11896 --- [main] s.w.s.m.m.a.RequestMappingHandlerMapping : Mapped "{[/],methods=[POST]}" onto public java.lang.String com.techm.guestbook.controller.GuestBookWebController.addComment(org.springframework.ui.Model,com.techm.guestbook.domain.GuestBookEntry,org.springframework.validation.BindingResult)
2019-06-08 14:13:55.629  INFO 11896 --- [main] s.w.s.m.m.a.RequestMappingHandlerMapping : Mapped "{[/error]}" onto public org.springframework.http.ResponseEntity<java.util.Map<java.lang.String, java.lang.Object>> org.springframework.boot.autoconfigure.web.servlet.error.BasicErrorController.error(javax.servlet.http.HttpServletRequest)
2019-06-08 14:13:55.631  INFO 11896 --- [main] s.w.s.m.m.a.RequestMappingHandlerMapping : Mapped "{[/error],produces=[text/html]}" onto public org.springframework.web.servlet.ModelAndView org.springframework.boot.autoconfigure.web.servlet.error.BasicErrorController.errorHtml(javax.servlet.http.HttpServletRequest,javax.servlet.http.HttpServletResponse)
2019-06-08 14:13:55.702  INFO 11896 --- [main] o.s.w.s.handler.SimpleUrlHandlerMapping  : Mapped URL path [/webjars/**] onto handler of type [class org.springframework.web.servlet.resource.ResourceHttpRequestHandler]
2019-06-08 14:13:55.705  INFO 11896 --- [main] o.s.w.s.handler.SimpleUrlHandlerMapping  : Mapped URL path [/**] onto handler of type [class org.springframework.web.servlet.resource.ResourceHttpRequestHandler]
2019-06-08 14:13:56.221  INFO 11896 --- [main] o.s.j.e.a.AnnotationMBeanExporter        : Registering beans for JMX exposure on startup
2019-06-08 14:13:56.224  INFO 11896 --- [main] o.s.j.e.a.AnnotationMBeanExporter        : Bean with name 'dataSource' has been autodetected for JMX exposure
2019-06-08 14:13:56.233  INFO 11896 --- [main] o.s.j.e.a.AnnotationMBeanExporter        : Located MBean 'dataSource': registering with JMX server as MBean [com.zaxxer.hikari:name=dataSource,type=HikariDataSource]
2019-06-08 14:13:56.300  INFO 11896 --- [main] o.s.b.w.embedded.tomcat.TomcatWebServer  : Tomcat started on port(s): 8080 (http) with context path ''
2019-06-08 14:13:56.305  INFO 11896 --- [main] c.techm.guestbook.GuestbookApplication   : Started GuestbookApplication in 8.536 seconds (JVM running for 9.241)
2019-06-08 14:14:07.361  INFO 11896 --- [http-nio-8080-exec-1] o.a.c.c.C.[Tomcat].[localhost].[/]       : Initializing Spring FrameworkServlet 'dispatcherServlet'
2019-06-08 14:14:07.362  INFO 11896 --- [http-nio-8080-exec-1] o.s.web.servlet.DispatcherServlet        : FrameworkServlet 'dispatcherServlet': initialization started
2019-06-08 14:14:07.501  INFO 11896 --- [http-nio-8080-exec-1] o.s.web.servlet.DispatcherServlet        : FrameworkServlet 'dispatcherServlet': initialization completed in 138 ms
2019-06-08 14:14:07.750  INFO 11896 --- [http-nio-8080-exec-1] o.h.h.i.QueryTranslatorFactoryInitiator  : HHH000397: Using ASTQueryTranslatorFactory
2019-06-08 14:17:01.422  INFO 12052 --- [main] c.techm.guestbook.GuestbookApplication   : Starting GuestbookApplication on INBASDLP03019 with PID 12052 (D:\backup-guestbook\guestbook-bt\target\classes started by GV00339350 in D:\backup-guestbook\guestbook-bt)
2019-06-08 14:17:01.427  INFO 12052 --- [main] c.techm.guestbook.GuestbookApplication   : No active profile set, falling back to default profiles: default
2019-06-08 14:17:01.549  INFO 12052 --- [main] ConfigServletWebServerApplicationContext : Refreshing org.springframework.boot.web.servlet.context.AnnotationConfigServletWebServerApplicationContext@16e7dcfd: startup date [Sat Jun 08 14:17:01 IST 2019]; root of context hierarchy
2019-06-08 14:17:03.744  INFO 12052 --- [main] trationDelegate$BeanPostProcessorChecker : Bean 'org.springframework.transaction.annotation.ProxyTransactionManagementConfiguration' of type [org.springframework.transaction.annotation.ProxyTransactionManagementConfiguration$$EnhancerBySpringCGLIB$$8e473666] is not eligible for getting processed by all BeanPostProcessors (for example: not eligible for auto-proxying)
2019-06-08 14:17:04.777  INFO 12052 --- [main] o.s.b.w.embedded.tomcat.TomcatWebServer  : Tomcat initialized with port(s): 8080 (http)
2019-06-08 14:17:04.883  INFO 12052 --- [main] o.apache.catalina.core.StandardService   : Starting service [Tomcat]
2019-06-08 14:17:04.884  INFO 12052 --- [main] org.apache.catalina.core.StandardEngine  : Starting Servlet Engine: Apache Tomcat/8.5.34
2019-06-08 14:17:04.946  INFO 12052 --- [localhost-startStop-1] o.a.catalina.core.AprLifecycleListener   : The APR based Apache Tomcat Native library which allows optimal performance in production environments was not found on the java.library.path: [C:\Program Files\Java\jdk1.8.0_181\bin;C:\WINDOWS\Sun\Java\bin;C:\WINDOWS\system32;C:\WINDOWS;C:\Program Files (x86)\Common Files\Oracle\Java\javapath;C:\ProgramData\Oracle\Java\javapath;C:\WINDOWS\system32;C:\WINDOWS;C:\WINDOWS\System32\Wbem;C:\WINDOWS\System32\WindowsPowerShell\v1.0\;C:\Program Files\apache-maven-3.5.4\bin;C:\Program Files\Apache Software Foundation\Tomcat 8.0\bin;C:\Program Files\PuTTY\;C:\Program Files\Java\jdk1.8.0_181\bin;C:\Program Files\Java\jre1.8.0_181\bin;D:\Tools\zookeeper-3.4.10\bin;C:\Program Files\MySQL\MySQL Utilities 1.6\;C:\Program Files\TortoiseSVN\bin;C:\Program Files (x86)\Webex\Webex\Applications;C:\Program Files\nodejs\;D:\git\cmd;C:\Program Files\Amazon\AWSCLI\bin\;C:\Users\gv00339350\AppData\Local\Microsoft\WindowsApps;C:\Users\gv00339350\AppData\Local\Programs\Microsoft VS Code\bin;C:\Users\gv00339350\AppData\Roaming\npm;C:\Users\gv00339350\AppData\Local\atom\bin;.]
2019-06-08 14:17:05.354  INFO 12052 --- [localhost-startStop-1] o.a.c.c.C.[Tomcat].[localhost].[/]       : Initializing Spring embedded WebApplicationContext
2019-06-08 14:17:05.355  INFO 12052 --- [localhost-startStop-1] o.s.web.context.ContextLoader            : Root WebApplicationContext: initialization completed in 3806 ms
2019-06-08 14:17:05.718  INFO 12052 --- [localhost-startStop-1] o.s.b.w.servlet.ServletRegistrationBean  : Servlet dispatcherServlet mapped to [/]
2019-06-08 14:17:05.721  INFO 12052 --- [localhost-startStop-1] o.s.b.w.servlet.ServletRegistrationBean  : Servlet webServlet mapped to [/h2/*]
2019-06-08 14:17:05.726  INFO 12052 --- [localhost-startStop-1] o.s.b.w.servlet.FilterRegistrationBean   : Mapping filter: 'characterEncodingFilter' to: [/*]
2019-06-08 14:17:05.728  INFO 12052 --- [localhost-startStop-1] o.s.b.w.servlet.FilterRegistrationBean   : Mapping filter: 'hiddenHttpMethodFilter' to: [/*]
2019-06-08 14:17:05.732  INFO 12052 --- [localhost-startStop-1] o.s.b.w.servlet.FilterRegistrationBean   : Mapping filter: 'httpPutFormContentFilter' to: [/*]
2019-06-08 14:17:05.732  INFO 12052 --- [localhost-startStop-1] o.s.b.w.servlet.FilterRegistrationBean   : Mapping filter: 'requestContextFilter' to: [/*]
2019-06-08 14:17:06.176  INFO 12052 --- [main] com.zaxxer.hikari.HikariDataSource       : HikariPool-1 - Starting...
2019-06-08 14:17:06.388  INFO 12052 --- [main] com.zaxxer.hikari.HikariDataSource       : HikariPool-1 - Start completed.
2019-06-08 14:17:06.479  INFO 12052 --- [main] j.LocalContainerEntityManagerFactoryBean : Building JPA container EntityManagerFactory for persistence unit 'default'
2019-06-08 14:17:06.515  INFO 12052 --- [main] o.hibernate.jpa.internal.util.LogHelper  : HHH000204: Processing PersistenceUnitInfo [
	name: default
	...]
2019-06-08 14:17:06.686  INFO 12052 --- [main] org.hibernate.Version                    : HHH000412: Hibernate Core {5.2.17.Final}
2019-06-08 14:17:06.689  INFO 12052 --- [main] org.hibernate.cfg.Environment            : HHH000206: hibernate.properties not found
2019-06-08 14:17:06.763  INFO 12052 --- [main] o.hibernate.annotations.common.Version   : HCANN000001: Hibernate Commons Annotations {5.0.1.Final}
2019-06-08 14:17:07.020  INFO 12052 --- [main] org.hibernate.dialect.Dialect            : HHH000400: Using dialect: org.hibernate.dialect.H2Dialect
2019-06-08 14:17:07.790  INFO 12052 --- [main] o.h.t.schema.internal.SchemaCreatorImpl  : HHH000476: Executing import script 'org.hibernate.tool.schema.internal.exec.ScriptSourceInputNonExistentImpl@4dde8976'
2019-06-08 14:17:07.795  INFO 12052 --- [main] j.LocalContainerEntityManagerFactoryBean : Initialized JPA EntityManagerFactory for persistence unit 'default'
2019-06-08 14:17:07.881  INFO 12052 --- [main] o.s.jdbc.datasource.init.ScriptUtils     : Executing SQL script from URL [file:/D:/backup-guestbook/guestbook-bt/target/classes/data-h2.sql]
2019-06-08 14:17:07.886  INFO 12052 --- [main] o.s.jdbc.datasource.init.ScriptUtils     : Executed SQL script from URL [file:/D:/backup-guestbook/guestbook-bt/target/classes/data-h2.sql] in 5 ms.
2019-06-08 14:17:08.470  INFO 12052 --- [main] o.s.w.s.handler.SimpleUrlHandlerMapping  : Mapped URL path [/**/favicon.ico] onto handler of type [class org.springframework.web.servlet.resource.ResourceHttpRequestHandler]
2019-06-08 14:17:08.819  INFO 12052 --- [main] s.w.s.m.m.a.RequestMappingHandlerAdapter : Looking for @ControllerAdvice: org.springframework.boot.web.servlet.context.AnnotationConfigServletWebServerApplicationContext@16e7dcfd: startup date [Sat Jun 08 14:17:01 IST 2019]; root of context hierarchy
2019-06-08 14:17:08.880  WARN 12052 --- [main] aWebConfiguration$JpaWebMvcConfiguration : spring.jpa.open-in-view is enabled by default. Therefore, database queries may be performed during view rendering. Explicitly configure spring.jpa.open-in-view to disable this warning
2019-06-08 14:17:08.950  INFO 12052 --- [main] s.w.s.m.m.a.RequestMappingHandlerMapping : Mapped "{[/api/comment/{id}],methods=[GET]}" onto public com.techm.guestbook.domain.GuestBookEntry com.techm.guestbook.controller.GuestBookRestController.findGuestBookEntryById(java.lang.Integer)
2019-06-08 14:17:08.953  INFO 12052 --- [main] s.w.s.m.m.a.RequestMappingHandlerMapping : Mapped "{[/api/user/{user}],methods=[GET]}" onto public java.util.List<com.techm.guestbook.domain.GuestBookEntry> com.techm.guestbook.controller.GuestBookRestController.findGuestBookEntriesByUser(java.lang.String)
2019-06-08 14:17:08.954  INFO 12052 --- [main] s.w.s.m.m.a.RequestMappingHandlerMapping : Mapped "{[/api/comment/{id}],methods=[DELETE]}" onto public void com.techm.guestbook.controller.GuestBookRestController.deleteGuestBookEntryById(java.lang.Integer)
2019-06-08 14:17:08.954  INFO 12052 --- [main] s.w.s.m.m.a.RequestMappingHandlerMapping : Mapped "{[/api/add],methods=[POST]}" onto public void com.techm.guestbook.controller.GuestBookRestController.addComment(com.techm.guestbook.domain.GuestBookEntry)
2019-06-08 14:17:08.955  INFO 12052 --- [main] s.w.s.m.m.a.RequestMappingHandlerMapping : Mapped "{[/api/comments],methods=[GET]}" onto public java.util.List<com.techm.guestbook.domain.GuestBookEntry> com.techm.guestbook.controller.GuestBookRestController.testMapping()
2019-06-08 14:17:08.956  INFO 12052 --- [main] s.w.s.m.m.a.RequestMappingHandlerMapping : Mapped "{[/api/update],methods=[POST]}" onto public void com.techm.guestbook.controller.GuestBookRestController.updateComment(com.techm.guestbook.domain.GuestBookEntry)
2019-06-08 14:17:08.960  INFO 12052 --- [main] s.w.s.m.m.a.RequestMappingHandlerMapping : Mapped "{[/],methods=[POST]}" onto public java.lang.String com.techm.guestbook.controller.GuestBookWebController.addComment(org.springframework.ui.Model,com.techm.guestbook.domain.GuestBookEntry,org.springframework.validation.BindingResult)
2019-06-08 14:17:08.961  INFO 12052 --- [main] s.w.s.m.m.a.RequestMappingHandlerMapping : Mapped "{[/delete/{id}],methods=[GET]}" onto public java.lang.String com.techm.guestbook.controller.GuestBookWebController.deleteComment(java.lang.Integer)
2019-06-08 14:17:08.962  INFO 12052 --- [main] s.w.s.m.m.a.RequestMappingHandlerMapping : Mapped "{[/update/{id}],methods=[GET]}" onto public java.lang.String com.techm.guestbook.controller.GuestBookWebController.editComment(org.springframework.ui.Model,java.lang.Integer)
2019-06-08 14:17:08.963  INFO 12052 --- [main] s.w.s.m.m.a.RequestMappingHandlerMapping : Mapped "{[/],methods=[GET]}" onto public java.lang.String com.techm.guestbook.controller.GuestBookWebController.displayGuestBook(org.springframework.ui.Model)
2019-06-08 14:17:08.965  INFO 12052 --- [main] s.w.s.m.m.a.RequestMappingHandlerMapping : Mapped "{[/update/{id}],methods=[POST]}" onto public java.lang.String com.techm.guestbook.controller.GuestBookWebController.saveComment(org.springframework.ui.Model,java.lang.Integer,com.techm.guestbook.domain.GuestBookEntry,org.springframework.validation.BindingResult)
2019-06-08 14:17:08.969  INFO 12052 --- [main] s.w.s.m.m.a.RequestMappingHandlerMapping : Mapped "{[/error]}" onto public org.springframework.http.ResponseEntity<java.util.Map<java.lang.String, java.lang.Object>> org.springframework.boot.autoconfigure.web.servlet.error.BasicErrorController.error(javax.servlet.http.HttpServletRequest)
2019-06-08 14:17:08.971  INFO 12052 --- [main] s.w.s.m.m.a.RequestMappingHandlerMapping : Mapped "{[/error],produces=[text/html]}" onto public org.springframework.web.servlet.ModelAndView org.springframework.boot.autoconfigure.web.servlet.error.BasicErrorController.errorHtml(javax.servlet.http.HttpServletRequest,javax.servlet.http.HttpServletResponse)
2019-06-08 14:17:09.018  INFO 12052 --- [main] o.s.w.s.handler.SimpleUrlHandlerMapping  : Mapped URL path [/webjars/**] onto handler of type [class org.springframework.web.servlet.resource.ResourceHttpRequestHandler]
2019-06-08 14:17:09.019  INFO 12052 --- [main] o.s.w.s.handler.SimpleUrlHandlerMapping  : Mapped URL path [/**] onto handler of type [class org.springframework.web.servlet.resource.ResourceHttpRequestHandler]
2019-06-08 14:17:09.484  INFO 12052 --- [main] o.s.j.e.a.AnnotationMBeanExporter        : Registering beans for JMX exposure on startup
2019-06-08 14:17:09.487  INFO 12052 --- [main] o.s.j.e.a.AnnotationMBeanExporter        : Bean with name 'dataSource' has been autodetected for JMX exposure
2019-06-08 14:17:09.496  INFO 12052 --- [main] o.s.j.e.a.AnnotationMBeanExporter        : Located MBean 'dataSource': registering with JMX server as MBean [com.zaxxer.hikari:name=dataSource,type=HikariDataSource]
2019-06-08 14:17:09.566  INFO 12052 --- [main] o.s.b.w.embedded.tomcat.TomcatWebServer  : Tomcat started on port(s): 8080 (http) with context path ''
2019-06-08 14:17:09.572  INFO 12052 --- [main] c.techm.guestbook.GuestbookApplication   : Started GuestbookApplication in 9.044 seconds (JVM running for 9.894)
2019-06-08 14:17:38.931  INFO 12052 --- [http-nio-8080-exec-1] o.a.c.c.C.[Tomcat].[localhost].[/]       : Initializing Spring FrameworkServlet 'dispatcherServlet'
2019-06-08 14:17:38.932  INFO 12052 --- [http-nio-8080-exec-1] o.s.web.servlet.DispatcherServlet        : FrameworkServlet 'dispatcherServlet': initialization started
2019-06-08 14:17:39.056  INFO 12052 --- [http-nio-8080-exec-1] o.s.web.servlet.DispatcherServlet        : FrameworkServlet 'dispatcherServlet': initialization completed in 123 ms
2019-06-08 14:17:39.337  INFO 12052 --- [http-nio-8080-exec-1] o.h.h.i.QueryTranslatorFactoryInitiator  : HHH000397: Using ASTQueryTranslatorFactory
2019-06-08 18:04:54.707  INFO 4548 --- [main] c.t.guestbook.GuestbookApplicationTests  : Starting GuestbookApplicationTests on INBASDLP03019 with PID 4548 (started by GV00339350 in D:\backup-guestbook\github-guestbook\guestbook-bt)
2019-06-08 18:04:54.758  INFO 4548 --- [main] c.t.guestbook.GuestbookApplicationTests  : No active profile set, falling back to default profiles: default
2019-06-08 18:04:54.864  INFO 4548 --- [main] o.s.w.c.s.GenericWebApplicationContext   : Refreshing org.springframework.web.context.support.GenericWebApplicationContext@536f2a7e: startup date [Sat Jun 08 18:04:54 IST 2019]; root of context hierarchy
2019-06-08 18:04:59.514  INFO 4548 --- [main] trationDelegate$BeanPostProcessorChecker : Bean 'org.springframework.transaction.annotation.ProxyTransactionManagementConfiguration' of type [org.springframework.transaction.annotation.ProxyTransactionManagementConfiguration$$EnhancerBySpringCGLIB$$7127c70f] is not eligible for getting processed by all BeanPostProcessors (for example: not eligible for auto-proxying)
2019-06-08 18:05:00.232  INFO 4548 --- [main] com.zaxxer.hikari.HikariDataSource       : HikariPool-1 - Starting...
2019-06-08 18:05:00.664  INFO 4548 --- [main] com.zaxxer.hikari.HikariDataSource       : HikariPool-1 - Start completed.
2019-06-08 18:05:01.133  INFO 4548 --- [main] j.LocalContainerEntityManagerFactoryBean : Building JPA container EntityManagerFactory for persistence unit 'default'
2019-06-08 18:05:01.190  INFO 4548 --- [main] o.hibernate.jpa.internal.util.LogHelper  : HHH000204: Processing PersistenceUnitInfo [
	name: default
	...]
2019-06-08 18:05:01.452  INFO 4548 --- [main] org.hibernate.Version                    : HHH000412: Hibernate Core {5.2.17.Final}
2019-06-08 18:05:01.457  INFO 4548 --- [main] org.hibernate.cfg.Environment            : HHH000206: hibernate.properties not found
2019-06-08 18:05:01.600  INFO 4548 --- [main] o.hibernate.annotations.common.Version   : HCANN000001: Hibernate Commons Annotations {5.0.1.Final}
2019-06-08 18:05:02.091  INFO 4548 --- [main] org.hibernate.dialect.Dialect            : HHH000400: Using dialect: org.hibernate.dialect.H2Dialect
2019-06-08 18:05:05.159  INFO 4548 --- [main] o.h.t.schema.internal.SchemaCreatorImpl  : HHH000476: Executing import script 'org.hibernate.tool.schema.internal.exec.ScriptSourceInputNonExistentImpl@460b50df'
2019-06-08 18:05:05.172  INFO 4548 --- [main] j.LocalContainerEntityManagerFactoryBean : Initialized JPA EntityManagerFactory for persistence unit 'default'
2019-06-08 18:05:05.418  INFO 4548 --- [main] o.s.jdbc.datasource.init.ScriptUtils     : Executing SQL script from URL [file:/D:/backup-guestbook/github-guestbook/guestbook-bt/target/classes/data-h2.sql]
2019-06-08 18:05:05.431  INFO 4548 --- [main] o.s.jdbc.datasource.init.ScriptUtils     : Executed SQL script from URL [file:/D:/backup-guestbook/github-guestbook/guestbook-bt/target/classes/data-h2.sql] in 11 ms.
2019-06-08 18:05:07.422  INFO 4548 --- [main] o.s.w.s.handler.SimpleUrlHandlerMapping  : Mapped URL path [/**/favicon.ico] onto handler of type [class org.springframework.web.servlet.resource.ResourceHttpRequestHandler]
2019-06-08 18:05:08.625  INFO 4548 --- [main] s.w.s.m.m.a.RequestMappingHandlerAdapter : Looking for @ControllerAdvice: org.springframework.web.context.support.GenericWebApplicationContext@536f2a7e: startup date [Sat Jun 08 18:04:54 IST 2019]; root of context hierarchy
2019-06-08 18:05:08.781  WARN 4548 --- [main] aWebConfiguration$JpaWebMvcConfiguration : spring.jpa.open-in-view is enabled by default. Therefore, database queries may be performed during view rendering. Explicitly configure spring.jpa.open-in-view to disable this warning
2019-06-08 18:05:08.930  INFO 4548 --- [main] s.w.s.m.m.a.RequestMappingHandlerMapping : Mapped "{[/api/comment/{id}],methods=[DELETE]}" onto public void com.techm.guestbook.controller.GuestBookRestController.deleteGuestBookEntryById(java.lang.Integer)
2019-06-08 18:05:08.935  INFO 4548 --- [main] s.w.s.m.m.a.RequestMappingHandlerMapping : Mapped "{[/api/user/{user}],methods=[GET]}" onto public java.util.List<com.techm.guestbook.domain.GuestBookEntry> com.techm.guestbook.controller.GuestBookRestController.findGuestBookEntriesByUser(java.lang.String)
2019-06-08 18:05:08.938  INFO 4548 --- [main] s.w.s.m.m.a.RequestMappingHandlerMapping : Mapped "{[/api/comment/{id}],methods=[GET]}" onto public com.techm.guestbook.domain.GuestBookEntry com.techm.guestbook.controller.GuestBookRestController.findGuestBookEntryById(java.lang.Integer)
2019-06-08 18:05:08.940  INFO 4548 --- [main] s.w.s.m.m.a.RequestMappingHandlerMapping : Mapped "{[/api/add],methods=[POST]}" onto public void com.techm.guestbook.controller.GuestBookRestController.addComment(com.techm.guestbook.domain.GuestBookEntry)
2019-06-08 18:05:08.945  INFO 4548 --- [main] s.w.s.m.m.a.RequestMappingHandlerMapping : Mapped "{[/api/update],methods=[POST]}" onto public void com.techm.guestbook.controller.GuestBookRestController.updateComment(com.techm.guestbook.domain.GuestBookEntry)
2019-06-08 18:05:08.946  INFO 4548 --- [main] s.w.s.m.m.a.RequestMappingHandlerMapping : Mapped "{[/api/comments],methods=[GET]}" onto public java.util.List<com.techm.guestbook.domain.GuestBookEntry> com.techm.guestbook.controller.GuestBookRestController.testMapping()
2019-06-08 18:05:08.955  INFO 4548 --- [main] s.w.s.m.m.a.RequestMappingHandlerMapping : Mapped "{[/],methods=[POST]}" onto public java.lang.String com.techm.guestbook.controller.GuestBookWebController.addComment(org.springframework.ui.Model,com.techm.guestbook.domain.GuestBookEntry,org.springframework.validation.BindingResult)
2019-06-08 18:05:08.957  INFO 4548 --- [main] s.w.s.m.m.a.RequestMappingHandlerMapping : Mapped "{[/],methods=[GET]}" onto public java.lang.String com.techm.guestbook.controller.GuestBookWebController.displayGuestBook(org.springframework.ui.Model)
2019-06-08 18:05:08.958  INFO 4548 --- [main] s.w.s.m.m.a.RequestMappingHandlerMapping : Mapped "{[/delete/{id}],methods=[GET]}" onto public java.lang.String com.techm.guestbook.controller.GuestBookWebController.deleteComment(java.lang.Integer)
2019-06-08 18:05:08.959  INFO 4548 --- [main] s.w.s.m.m.a.RequestMappingHandlerMapping : Mapped "{[/update/{id}],methods=[GET]}" onto public java.lang.String com.techm.guestbook.controller.GuestBookWebController.editComment(org.springframework.ui.Model,java.lang.Integer)
2019-06-08 18:05:08.963  INFO 4548 --- [main] s.w.s.m.m.a.RequestMappingHandlerMapping : Mapped "{[/update/{id}],methods=[POST]}" onto public java.lang.String com.techm.guestbook.controller.GuestBookWebController.saveComment(org.springframework.ui.Model,java.lang.Integer,com.techm.guestbook.domain.GuestBookEntry,org.springframework.validation.BindingResult)
2019-06-08 18:05:08.976  INFO 4548 --- [main] s.w.s.m.m.a.RequestMappingHandlerMapping : Mapped "{[/error]}" onto public org.springframework.http.ResponseEntity<java.util.Map<java.lang.String, java.lang.Object>> org.springframework.boot.autoconfigure.web.servlet.error.BasicErrorController.error(javax.servlet.http.HttpServletRequest)
2019-06-08 18:05:08.978  INFO 4548 --- [main] s.w.s.m.m.a.RequestMappingHandlerMapping : Mapped "{[/error],produces=[text/html]}" onto public org.springframework.web.servlet.ModelAndView org.springframework.boot.autoconfigure.web.servlet.error.BasicErrorController.errorHtml(javax.servlet.http.HttpServletRequest,javax.servlet.http.HttpServletResponse)
2019-06-08 18:05:09.127  INFO 4548 --- [main] o.s.w.s.handler.SimpleUrlHandlerMapping  : Mapped URL path [/webjars/**] onto handler of type [class org.springframework.web.servlet.resource.ResourceHttpRequestHandler]
2019-06-08 18:05:09.127  INFO 4548 --- [main] o.s.w.s.handler.SimpleUrlHandlerMapping  : Mapped URL path [/**] onto handler of type [class org.springframework.web.servlet.resource.ResourceHttpRequestHandler]
2019-06-08 18:05:10.249  INFO 4548 --- [main] c.t.guestbook.GuestbookApplicationTests  : Started GuestbookApplicationTests in 16.733 seconds (JVM running for 19.708)
2019-06-08 18:05:10.816  INFO 4548 --- [Thread-3] o.s.w.c.s.GenericWebApplicationContext   : Closing org.springframework.web.context.support.GenericWebApplicationContext@536f2a7e: startup date [Sat Jun 08 18:04:54 IST 2019]; root of context hierarchy
2019-06-08 18:05:10.823  INFO 4548 --- [Thread-3] j.LocalContainerEntityManagerFactoryBean : Closing JPA EntityManagerFactory for persistence unit 'default'
2019-06-08 18:05:10.824  INFO 4548 --- [Thread-3] .SchemaDropperImpl$DelayedDropActionImpl : HHH000477: Starting delayed drop of schema as part of SessionFactory shut-down'
2019-06-08 18:05:10.853  INFO 4548 --- [Thread-3] com.zaxxer.hikari.HikariDataSource       : HikariPool-1 - Shutdown initiated...
2019-06-08 18:05:10.858  INFO 4548 --- [Thread-3] com.zaxxer.hikari.HikariDataSource       : HikariPool-1 - Shutdown completed.
2019-06-08 18:05:50.231  INFO 10620 --- [main] c.techm.guestbook.GuestbookApplication   : Starting GuestbookApplication on INBASDLP03019 with PID 10620 (D:\backup-guestbook\github-guestbook\guestbook-bt\target\classes started by GV00339350 in D:\backup-guestbook\github-guestbook\guestbook-bt)
2019-06-08 18:05:50.238  INFO 10620 --- [main] c.techm.guestbook.GuestbookApplication   : No active profile set, falling back to default profiles: default
2019-06-08 18:05:50.372  INFO 10620 --- [main] ConfigServletWebServerApplicationContext : Refreshing org.springframework.boot.web.servlet.context.AnnotationConfigServletWebServerApplicationContext@78dd667e: startup date [Sat Jun 08 18:05:50 IST 2019]; root of context hierarchy
2019-06-08 18:05:54.339  INFO 10620 --- [main] trationDelegate$BeanPostProcessorChecker : Bean 'org.springframework.transaction.annotation.ProxyTransactionManagementConfiguration' of type [org.springframework.transaction.annotation.ProxyTransactionManagementConfiguration$$EnhancerBySpringCGLIB$$79314bca] is not eligible for getting processed by all BeanPostProcessors (for example: not eligible for auto-proxying)
2019-06-08 18:05:56.291  INFO 10620 --- [main] o.s.b.w.embedded.tomcat.TomcatWebServer  : Tomcat initialized with port(s): 8080 (http)
2019-06-08 18:05:56.378  INFO 10620 --- [main] o.apache.catalina.core.StandardService   : Starting service [Tomcat]
2019-06-08 18:05:56.379  INFO 10620 --- [main] org.apache.catalina.core.StandardEngine  : Starting Servlet Engine: Apache Tomcat/8.5.34
2019-06-08 18:05:56.408  INFO 10620 --- [localhost-startStop-1] o.a.catalina.core.AprLifecycleListener   : The APR based Apache Tomcat Native library which allows optimal performance in production environments was not found on the java.library.path: [C:\Program Files\Java\jdk1.8.0_181\bin;C:\WINDOWS\Sun\Java\bin;C:\WINDOWS\system32;C:\WINDOWS;C:\Program Files (x86)\Common Files\Oracle\Java\javapath;C:\ProgramData\Oracle\Java\javapath;C:\WINDOWS\system32;C:\WINDOWS;C:\WINDOWS\System32\Wbem;C:\WINDOWS\System32\WindowsPowerShell\v1.0\;C:\Program Files\apache-maven-3.5.4\bin;C:\Program Files\Apache Software Foundation\Tomcat 8.0\bin;C:\Program Files\PuTTY\;C:\Program Files\Java\jdk1.8.0_181\bin;C:\Program Files\Java\jre1.8.0_181\bin;D:\Tools\zookeeper-3.4.10\bin;C:\Program Files\MySQL\MySQL Utilities 1.6\;C:\Program Files\TortoiseSVN\bin;C:\Program Files (x86)\Webex\Webex\Applications;C:\Program Files\nodejs\;D:\git\cmd;C:\Program Files\Amazon\AWSCLI\bin\;C:\Users\gv00339350\AppData\Local\Microsoft\WindowsApps;C:\Users\gv00339350\AppData\Local\Programs\Microsoft VS Code\bin;C:\Users\gv00339350\AppData\Roaming\npm;C:\Users\gv00339350\AppData\Local\atom\bin;.]
2019-06-08 18:05:56.838  INFO 10620 --- [localhost-startStop-1] o.a.c.c.C.[Tomcat].[localhost].[/]       : Initializing Spring embedded WebApplicationContext
2019-06-08 18:05:56.839  INFO 10620 --- [localhost-startStop-1] o.s.web.context.ContextLoader            : Root WebApplicationContext: initialization completed in 6468 ms
2019-06-08 18:05:57.141  INFO 10620 --- [localhost-startStop-1] o.s.b.w.servlet.ServletRegistrationBean  : Servlet dispatcherServlet mapped to [/]
2019-06-08 18:05:57.145  INFO 10620 --- [localhost-startStop-1] o.s.b.w.servlet.ServletRegistrationBean  : Servlet webServlet mapped to [/h2/*]
2019-06-08 18:05:57.151  INFO 10620 --- [localhost-startStop-1] o.s.b.w.servlet.FilterRegistrationBean   : Mapping filter: 'characterEncodingFilter' to: [/*]
2019-06-08 18:05:57.152  INFO 10620 --- [localhost-startStop-1] o.s.b.w.servlet.FilterRegistrationBean   : Mapping filter: 'hiddenHttpMethodFilter' to: [/*]
2019-06-08 18:05:57.153  INFO 10620 --- [localhost-startStop-1] o.s.b.w.servlet.FilterRegistrationBean   : Mapping filter: 'httpPutFormContentFilter' to: [/*]
2019-06-08 18:05:57.154  INFO 10620 --- [localhost-startStop-1] o.s.b.w.servlet.FilterRegistrationBean   : Mapping filter: 'requestContextFilter' to: [/*]
2019-06-08 18:05:57.790  INFO 10620 --- [main] com.zaxxer.hikari.HikariDataSource       : HikariPool-1 - Starting...
2019-06-08 18:05:58.154  INFO 10620 --- [main] com.zaxxer.hikari.HikariDataSource       : HikariPool-1 - Start completed.
2019-06-08 18:05:58.305  INFO 10620 --- [main] j.LocalContainerEntityManagerFactoryBean : Building JPA container EntityManagerFactory for persistence unit 'default'
2019-06-08 18:05:58.373  INFO 10620 --- [main] o.hibernate.jpa.internal.util.LogHelper  : HHH000204: Processing PersistenceUnitInfo [
	name: default
	...]
2019-06-08 18:05:58.774  INFO 10620 --- [main] org.hibernate.Version                    : HHH000412: Hibernate Core {5.2.17.Final}
2019-06-08 18:05:58.777  INFO 10620 --- [main] org.hibernate.cfg.Environment            : HHH000206: hibernate.properties not found
2019-06-08 18:05:58.903  INFO 10620 --- [main] o.hibernate.annotations.common.Version   : HCANN000001: Hibernate Commons Annotations {5.0.1.Final}
2019-06-08 18:05:59.233  INFO 10620 --- [main] org.hibernate.dialect.Dialect            : HHH000400: Using dialect: org.hibernate.dialect.H2Dialect
2019-06-08 18:06:00.735  INFO 10620 --- [main] o.h.t.schema.internal.SchemaCreatorImpl  : HHH000476: Executing import script 'org.hibernate.tool.schema.internal.exec.ScriptSourceInputNonExistentImpl@5ec1963c'
2019-06-08 18:06:00.744  INFO 10620 --- [main] j.LocalContainerEntityManagerFactoryBean : Initialized JPA EntityManagerFactory for persistence unit 'default'
2019-06-08 18:06:01.020  INFO 10620 --- [main] o.s.jdbc.datasource.init.ScriptUtils     : Executing SQL script from URL [file:/D:/backup-guestbook/github-guestbook/guestbook-bt/target/classes/data-h2.sql]
2019-06-08 18:06:01.042  INFO 10620 --- [main] o.s.jdbc.datasource.init.ScriptUtils     : Executed SQL script from URL [file:/D:/backup-guestbook/github-guestbook/guestbook-bt/target/classes/data-h2.sql] in 21 ms.
2019-06-08 18:06:02.605  INFO 10620 --- [main] o.s.w.s.handler.SimpleUrlHandlerMapping  : Mapped URL path [/**/favicon.ico] onto handler of type [class org.springframework.web.servlet.resource.ResourceHttpRequestHandler]
2019-06-08 18:06:03.209  INFO 10620 --- [main] s.w.s.m.m.a.RequestMappingHandlerAdapter : Looking for @ControllerAdvice: org.springframework.boot.web.servlet.context.AnnotationConfigServletWebServerApplicationContext@78dd667e: startup date [Sat Jun 08 18:05:50 IST 2019]; root of context hierarchy
2019-06-08 18:06:03.299  WARN 10620 --- [main] aWebConfiguration$JpaWebMvcConfiguration : spring.jpa.open-in-view is enabled by default. Therefore, database queries may be performed during view rendering. Explicitly configure spring.jpa.open-in-view to disable this warning
2019-06-08 18:06:03.482  INFO 10620 --- [main] s.w.s.m.m.a.RequestMappingHandlerMapping : Mapped "{[/api/comments],methods=[GET]}" onto public java.util.List<com.techm.guestbook.domain.GuestBookEntry> com.techm.guestbook.controller.GuestBookRestController.testMapping()
2019-06-08 18:06:03.486  INFO 10620 --- [main] s.w.s.m.m.a.RequestMappingHandlerMapping : Mapped "{[/api/add],methods=[POST]}" onto public void com.techm.guestbook.controller.GuestBookRestController.addComment(com.techm.guestbook.domain.GuestBookEntry)
2019-06-08 18:06:03.487  INFO 10620 --- [main] s.w.s.m.m.a.RequestMappingHandlerMapping : Mapped "{[/api/update],methods=[POST]}" onto public void com.techm.guestbook.controller.GuestBookRestController.updateComment(com.techm.guestbook.domain.GuestBookEntry)
2019-06-08 18:06:03.489  INFO 10620 --- [main] s.w.s.m.m.a.RequestMappingHandlerMapping : Mapped "{[/api/comment/{id}],methods=[GET]}" onto public com.techm.guestbook.domain.GuestBookEntry com.techm.guestbook.controller.GuestBookRestController.findGuestBookEntryById(java.lang.Integer)
2019-06-08 18:06:03.490  INFO 10620 --- [main] s.w.s.m.m.a.RequestMappingHandlerMapping : Mapped "{[/api/user/{user}],methods=[GET]}" onto public java.util.List<com.techm.guestbook.domain.GuestBookEntry> com.techm.guestbook.controller.GuestBookRestController.findGuestBookEntriesByUser(java.lang.String)
2019-06-08 18:06:03.493  INFO 10620 --- [main] s.w.s.m.m.a.RequestMappingHandlerMapping : Mapped "{[/api/comment/{id}],methods=[DELETE]}" onto public void com.techm.guestbook.controller.GuestBookRestController.deleteGuestBookEntryById(java.lang.Integer)
2019-06-08 18:06:03.503  INFO 10620 --- [main] s.w.s.m.m.a.RequestMappingHandlerMapping : Mapped "{[/],methods=[POST]}" onto public java.lang.String com.techm.guestbook.controller.GuestBookWebController.addComment(org.springframework.ui.Model,com.techm.guestbook.domain.GuestBookEntry,org.springframework.validation.BindingResult)
2019-06-08 18:06:03.505  INFO 10620 --- [main] s.w.s.m.m.a.RequestMappingHandlerMapping : Mapped "{[/],methods=[GET]}" onto public java.lang.String com.techm.guestbook.controller.GuestBookWebController.displayGuestBook(org.springframework.ui.Model)
2019-06-08 18:06:03.507  INFO 10620 --- [main] s.w.s.m.m.a.RequestMappingHandlerMapping : Mapped "{[/update/{id}],methods=[GET]}" onto public java.lang.String com.techm.guestbook.controller.GuestBookWebController.editComment(org.springframework.ui.Model,java.lang.Integer)
2019-06-08 18:06:03.509  INFO 10620 --- [main] s.w.s.m.m.a.RequestMappingHandlerMapping : Mapped "{[/update/{id}],methods=[POST]}" onto public java.lang.String com.techm.guestbook.controller.GuestBookWebController.saveComment(org.springframework.ui.Model,java.lang.Integer,com.techm.guestbook.domain.GuestBookEntry,org.springframework.validation.BindingResult)
2019-06-08 18:06:03.510  INFO 10620 --- [main] s.w.s.m.m.a.RequestMappingHandlerMapping : Mapped "{[/delete/{id}],methods=[GET]}" onto public java.lang.String com.techm.guestbook.controller.GuestBookWebController.deleteComment(java.lang.Integer)
2019-06-08 18:06:03.517  INFO 10620 --- [main] s.w.s.m.m.a.RequestMappingHandlerMapping : Mapped "{[/error]}" onto public org.springframework.http.ResponseEntity<java.util.Map<java.lang.String, java.lang.Object>> org.springframework.boot.autoconfigure.web.servlet.error.BasicErrorController.error(javax.servlet.http.HttpServletRequest)
2019-06-08 18:06:03.521  INFO 10620 --- [main] s.w.s.m.m.a.RequestMappingHandlerMapping : Mapped "{[/error],produces=[text/html]}" onto public org.springframework.web.servlet.ModelAndView org.springframework.boot.autoconfigure.web.servlet.error.BasicErrorController.errorHtml(javax.servlet.http.HttpServletRequest,javax.servlet.http.HttpServletResponse)
2019-06-08 18:06:03.613  INFO 10620 --- [main] o.s.w.s.handler.SimpleUrlHandlerMapping  : Mapped URL path [/webjars/**] onto handler of type [class org.springframework.web.servlet.resource.ResourceHttpRequestHandler]
2019-06-08 18:06:03.614  INFO 10620 --- [main] o.s.w.s.handler.SimpleUrlHandlerMapping  : Mapped URL path [/**] onto handler of type [class org.springframework.web.servlet.resource.ResourceHttpRequestHandler]
2019-06-08 18:06:04.578  INFO 10620 --- [main] o.s.j.e.a.AnnotationMBeanExporter        : Registering beans for JMX exposure on startup
2019-06-08 18:06:04.586  INFO 10620 --- [main] o.s.j.e.a.AnnotationMBeanExporter        : Bean with name 'dataSource' has been autodetected for JMX exposure
2019-06-08 18:06:04.600  INFO 10620 --- [main] o.s.j.e.a.AnnotationMBeanExporter        : Located MBean 'dataSource': registering with JMX server as MBean [com.zaxxer.hikari:name=dataSource,type=HikariDataSource]
2019-06-08 18:06:04.720  INFO 10620 --- [main] o.s.b.w.embedded.tomcat.TomcatWebServer  : Tomcat started on port(s): 8080 (http) with context path ''
2019-06-08 18:06:04.731  INFO 10620 --- [main] c.techm.guestbook.GuestbookApplication   : Started GuestbookApplication in 15.542 seconds (JVM running for 16.784)
2019-06-08 18:06:42.163  INFO 10620 --- [http-nio-8080-exec-1] o.a.c.c.C.[Tomcat].[localhost].[/]       : Initializing Spring FrameworkServlet 'dispatcherServlet'
2019-06-08 18:06:42.164  INFO 10620 --- [http-nio-8080-exec-1] o.s.web.servlet.DispatcherServlet        : FrameworkServlet 'dispatcherServlet': initialization started
2019-06-08 18:06:42.321  INFO 10620 --- [http-nio-8080-exec-1] o.s.web.servlet.DispatcherServlet        : FrameworkServlet 'dispatcherServlet': initialization completed in 157 ms
2019-06-08 18:06:42.727  INFO 10620 --- [http-nio-8080-exec-1] o.h.h.i.QueryTranslatorFactoryInitiator  : HHH000397: Using ASTQueryTranslatorFactory
